05-Feb-2020 23:14:39.645 INFORMACIÓN [main] org.apache.catalina.startup.VersionLoggerListener.log Nombre de la versión del servidor:   Apache Tomcat/9.0.30

05-Feb-2020 23:14:39.649 INFORMACIÓN [main] org.apache.catalina.startup.VersionLoggerListener.log Server built:          Dec 7 2019 16:42:04 UTC
05-Feb-2020 23:14:39.649 INFORMACIÓN [main] org.apache.catalina.startup.VersionLoggerListener.log Número de versión de servidor:         9.0.30.0
05-Feb-2020 23:14:39.649 INFORMACIÓN [main] org.apache.catalina.startup.VersionLoggerListener.log OS Name:               Mac OS X
05-Feb-2020 23:14:39.649 INFORMACIÓN [main] org.apache.catalina.startup.VersionLoggerListener.log Versión de Systema Operativo:      10.13.6

05-Feb-2020 23:14:39.649 INFORMACIÓN [main] org.apache.catalina.startup.VersionLoggerListener.log Arquitectura:          x86_64

05-Feb-2020 23:14:39.650 INFORMACIÓN [main] org.apache.catalina.startup.VersionLoggerListener.log Java Home:             /Library/Java/JavaVirtualMachines/jdk1.8.0_211.jdk/Contents/Home/jre
05-Feb-2020 23:14:39.650 INFORMACIÓN [main] org.apache.catalina.startup.VersionLoggerListener.log JVM Version:           1.8.0_211-b12
05-Feb-2020 23:14:39.650 INFORMACIÓN [main] org.apache.catalina.startup.VersionLoggerListener.log Vededor JVM:     Oracle Corporation
05-Feb-2020 23:14:39.650 INFORMACIÓN [main] org.apache.catalina.startup.VersionLoggerListener.log CATALINA_BASE:         /Users/leonardosanchez/Documents/lib/apache-tomcat-9.0.30
05-Feb-2020 23:14:39.650 INFORMACIÓN [main] org.apache.catalina.startup.VersionLoggerListener.log CATALINA_HOME:         /Users/leonardosanchez/Documents/lib/apache-tomcat-9.0.30
05-Feb-2020 23:14:39.659 INFORMACIÓN [main] org.apache.catalina.startup.VersionLoggerListener.log Command line argument: -Djava.util.logging.config.file=/Users/leonardosanchez/Documents/lib/apache-tomcat-9.0.30/conf/logging.properties
05-Feb-2020 23:14:39.659 INFORMACIÓN [main] org.apache.catalina.startup.VersionLoggerListener.log Command line argument: -Djava.util.logging.manager=org.apache.juli.ClassLoaderLogManager
05-Feb-2020 23:14:39.659 INFORMACIÓN [main] org.apache.catalina.startup.VersionLoggerListener.log Command line argument: -Djdk.tls.ephemeralDHKeySize=2048
05-Feb-2020 23:14:39.659 INFORMACIÓN [main] org.apache.catalina.startup.VersionLoggerListener.log Command line argument: -Djava.protocol.handler.pkgs=org.apache.catalina.webresources
05-Feb-2020 23:14:39.660 INFORMACIÓN [main] org.apache.catalina.startup.VersionLoggerListener.log Command line argument: -Dorg.apache.catalina.security.SecurityListener.UMASK=0027
05-Feb-2020 23:14:39.660 INFORMACIÓN [main] org.apache.catalina.startup.VersionLoggerListener.log Command line argument: -Dignore.endorsed.dirs=
05-Feb-2020 23:14:39.660 INFORMACIÓN [main] org.apache.catalina.startup.VersionLoggerListener.log Command line argument: -Dcatalina.base=/Users/leonardosanchez/Documents/lib/apache-tomcat-9.0.30
05-Feb-2020 23:14:39.660 INFORMACIÓN [main] org.apache.catalina.startup.VersionLoggerListener.log Command line argument: -Dcatalina.home=/Users/leonardosanchez/Documents/lib/apache-tomcat-9.0.30
05-Feb-2020 23:14:39.660 INFORMACIÓN [main] org.apache.catalina.startup.VersionLoggerListener.log Command line argument: -Djava.io.tmpdir=/Users/leonardosanchez/Documents/lib/apache-tomcat-9.0.30/temp
05-Feb-2020 23:14:39.660 INFORMACIÓN [main] org.apache.catalina.core.AprLifecycleListener.lifecycleEvent La biblioteca nativa de Apache Tomcat basada en ARP que permite un rendimiento óptimo en entornos de desarrollo no ha sido hallada en java.library.path: [/Users/leonardosanchez/Library/Java/Extensions:/Library/Java/Extensions:/Network/Library/Java/Extensions:/System/Library/Java/Extensions:/usr/lib/java:.]
05-Feb-2020 23:14:40.338 INFORMACIÓN [main] org.apache.coyote.AbstractProtocol.init Inicializando el manejador de protocolo ["http-nio-8080"]

05-Feb-2020 23:14:40.404 INFORMACIÓN [main] org.apache.coyote.AbstractProtocol.init Inicializando el manejador de protocolo ["ajp-nio-8009"]

05-Feb-2020 23:14:40.419 INFORMACIÓN [main] org.apache.catalina.startup.Catalina.load Server initialization in [1.193] milliseconds
05-Feb-2020 23:14:40.566 INFORMACIÓN [main] org.apache.catalina.core.StandardService.startInternal Arrancando servicio [Catalina]
05-Feb-2020 23:14:40.567 INFORMACIÓN [main] org.apache.catalina.core.StandardEngine.startInternal Starting Servlet engine: [Apache Tomcat/9.0.30]
05-Feb-2020 23:14:40.588 INFORMACIÓN [main] org.apache.catalina.startup.HostConfig.deployDirectory Desplegando el directorio [/Users/leonardosanchez/Documents/lib/apache-tomcat-9.0.30/webapps/docs] de la aplicación web
05-Feb-2020 23:14:41.225 INFORMACIÓN [main] org.apache.catalina.startup.HostConfig.deployDirectory Deployment of web application directory [/Users/leonardosanchez/Documents/lib/apache-tomcat-9.0.30/webapps/docs] has finished in [637] ms
05-Feb-2020 23:14:41.227 INFORMACIÓN [main] org.apache.catalina.startup.HostConfig.deployDirectory Desplegando el directorio [/Users/leonardosanchez/Documents/lib/apache-tomcat-9.0.30/webapps/manager] de la aplicación web
05-Feb-2020 23:14:41.324 INFORMACIÓN [main] org.apache.catalina.startup.HostConfig.deployDirectory Deployment of web application directory [/Users/leonardosanchez/Documents/lib/apache-tomcat-9.0.30/webapps/manager] has finished in [97] ms
05-Feb-2020 23:14:41.324 INFORMACIÓN [main] org.apache.catalina.startup.HostConfig.deployDirectory Desplegando el directorio [/Users/leonardosanchez/Documents/lib/apache-tomcat-9.0.30/webapps/examples] de la aplicación web
05-Feb-2020 23:14:42.126 INFORMACIÓN [main] org.apache.catalina.startup.HostConfig.deployDirectory Deployment of web application directory [/Users/leonardosanchez/Documents/lib/apache-tomcat-9.0.30/webapps/examples] has finished in [801] ms
05-Feb-2020 23:14:42.130 INFORMACIÓN [main] org.apache.catalina.startup.HostConfig.deployDirectory Desplegando el directorio [/Users/leonardosanchez/Documents/lib/apache-tomcat-9.0.30/webapps/ROOT] de la aplicación web
05-Feb-2020 23:14:42.184 INFORMACIÓN [main] org.apache.catalina.startup.HostConfig.deployDirectory Deployment of web application directory [/Users/leonardosanchez/Documents/lib/apache-tomcat-9.0.30/webapps/ROOT] has finished in [53] ms
05-Feb-2020 23:14:42.184 INFORMACIÓN [main] org.apache.catalina.startup.HostConfig.deployDirectory Desplegando el directorio [/Users/leonardosanchez/Documents/lib/apache-tomcat-9.0.30/webapps/host-manager] de la aplicación web
05-Feb-2020 23:14:42.267 INFORMACIÓN [main] org.apache.catalina.startup.HostConfig.deployDirectory Deployment of web application directory [/Users/leonardosanchez/Documents/lib/apache-tomcat-9.0.30/webapps/host-manager] has finished in [82] ms
05-Feb-2020 23:14:42.274 INFORMACIÓN [main] org.apache.coyote.AbstractProtocol.start Starting ProtocolHandler ["http-nio-8080"]
05-Feb-2020 23:14:42.295 INFORMACIÓN [main] org.apache.coyote.AbstractProtocol.start Starting ProtocolHandler ["ajp-nio-8009"]
05-Feb-2020 23:14:42.305 INFORMACIÓN [main] org.apache.catalina.startup.Catalina.start Server startup in [1.885] milliseconds
05-Feb-2020 23:15:10.454 INFORMACIÓN [http-nio-8080-exec-7] org.apache.catalina.startup.HostConfig.deployDescriptor Desplieque del descriptor de configuración [/Users/leonardosanchez/Documents/lib/apache-tomcat-9.0.30/conf/Catalina/localhost/WebApplication.xml]
05-Feb-2020 23:15:10.459 ADVERTENCIA [http-nio-8080-exec-7] org.apache.catalina.startup.HostConfig.deployDescriptor The path attribute with value [/WebApplication] in deployment descriptor [/Users/leonardosanchez/Documents/lib/apache-tomcat-9.0.30/conf/Catalina/localhost/WebApplication.xml] has been ignored
05-Feb-2020 23:15:15.805 INFORMACIÓN [http-nio-8080-exec-7] org.apache.jasper.servlet.TldScanner.scanJars Al menos un JAR, que se ha explorado buscando TLDs, aún no contenía TLDs. Activar historial de depuración para este historiador para una completa lista de los JARs que fueron explorados y de los que nos se halló TLDs. Saltarse JARs no necesarios durante la exploración puede dar lugar a una mejora de tiempo significativa en el arranque y compilación de JSP .
05-Feb-2020 23:15:15.921 INFORMACIÓN [http-nio-8080-exec-7] org.springframework.web.context.ContextLoader.initWebApplicationContext Root WebApplicationContext: initialization started
05-Feb-2020 23:15:16.246 INFORMACIÓN [http-nio-8080-exec-7] org.springframework.context.support.AbstractApplicationContext.prepareRefresh Refreshing Root WebApplicationContext: startup date [Wed Feb 05 23:15:16 COT 2020]; root of context hierarchy
05-Feb-2020 23:15:16.373 INFORMACIÓN [http-nio-8080-exec-7] org.springframework.beans.factory.xml.XmlBeanDefinitionReader.loadBeanDefinitions Loading XML bean definitions from ServletContext resource [/WEB-INF/applicationContext.xml]
05-Feb-2020 23:15:16.642 INFORMACIÓN [http-nio-8080-exec-7] org.springframework.web.context.ContextLoader.initWebApplicationContext Root WebApplicationContext: initialization completed in 720 ms
05-Feb-2020 23:15:16.766 INFORMACIÓN [http-nio-8080-exec-7] com.sun.faces.config.ConfigureListener.contextInitialized Inicializando Mojarra 2.2.7 ( 20140610-1547 https://svn.java.net/svn/mojarra~svn/tags/2.2.7@13362) para el contexto '/WebApplication'
05-Feb-2020 23:15:17.238 INFORMACIÓN [http-nio-8080-exec-7] com.sun.faces.spi.InjectionProviderFactory.createInstance JSF1048: hay presentes anotaciones PostConstruct/PreDestroy.  Los métodos de beans administrados marcados con estas anotaciones procesarán dichas anotaciones.
05-Feb-2020 23:15:18.296 INFORMACIÓN [http-nio-8080-exec-7] com.sun.faces.config.ConfigureListener$WebConfigResourceMonitor$Monitor.<init> Monitoring file:/Users/leonardosanchez/NetBeansProjects/WebApplication/build/web/WEB-INF/faces-config.xml for modifications
05-Feb-2020 23:15:18.466 INFORMACIÓN [http-nio-8080-exec-7] org.springframework.web.servlet.FrameworkServlet.initServletBean FrameworkServlet 'dispatcher': initialization started
05-Feb-2020 23:15:18.475 INFORMACIÓN [http-nio-8080-exec-7] org.springframework.context.support.AbstractApplicationContext.prepareRefresh Refreshing WebApplicationContext for namespace 'dispatcher-servlet': startup date [Wed Feb 05 23:15:18 COT 2020]; parent: Root WebApplicationContext
05-Feb-2020 23:15:18.478 INFORMACIÓN [http-nio-8080-exec-7] org.springframework.beans.factory.xml.XmlBeanDefinitionReader.loadBeanDefinitions Loading XML bean definitions from ServletContext resource [/WEB-INF/dispatcher-servlet.xml]
05-Feb-2020 23:15:18.762 INFORMACIÓN [http-nio-8080-exec-7] org.springframework.web.servlet.handler.AbstractUrlHandlerMapping.registerHandler Mapped URL path [/index.htm] onto handler 'indexController'
05-Feb-2020 23:15:19.266 INFORMACIÓN [http-nio-8080-exec-7] org.springframework.web.servlet.FrameworkServlet.initServletBean FrameworkServlet 'dispatcher': initialization completed in 799 ms
05-Feb-2020 23:15:19.273 INFORMACIÓN [http-nio-8080-exec-7] org.apache.catalina.startup.HostConfig.deployDescriptor Deployment of deployment descriptor [/Users/leonardosanchez/Documents/lib/apache-tomcat-9.0.30/conf/Catalina/localhost/WebApplication.xml] has finished in [8.818] ms
05-Feb-2020 23:15:19.300 INFORMACIÓN [http-nio-8080-exec-6] org.apache.catalina.util.LifecycleBase.start The start() method was called on component [StandardEngine[Catalina].StandardHost[localhost].StandardContext[/WebApplication]] after start() had already been called. The second call will be ignored.
05-Feb-2020 23:15:26.273 GRAVE [http-nio-8080-exec-1] com.sun.faces.application.view.FaceletViewHandlingStrategy.handleRenderException Error Rendering View[/ciudad/List.xhtml]
	javax.el.ELException: /ciudad/List.xhtml @17,132 rendered="#{ciudadController.items.rowCount == 0}": Error reading [items] en el tipo [controller.CiudadController]
		at com.sun.faces.facelets.el.TagValueExpression.getValue(TagValueExpression.java:114)
		at javax.faces.component.ComponentStateHelper.eval(ComponentStateHelper.java:194)
		at javax.faces.component.UIComponentBase.isRendered(UIComponentBase.java:457)
		at javax.faces.component.UIComponent.encodeAll(UIComponent.java:1850)
		at javax.faces.render.Renderer.encodeChildren(Renderer.java:176)
		at javax.faces.component.UIComponentBase.encodeChildren(UIComponentBase.java:889)
		at javax.faces.component.UIComponent.encodeAll(UIComponent.java:1856)
		at javax.faces.component.UIComponent.encodeAll(UIComponent.java:1859)
		at javax.faces.component.UIComponent.encodeAll(UIComponent.java:1859)
		at com.sun.faces.application.view.FaceletViewHandlingStrategy.renderView(FaceletViewHandlingStrategy.java:456)
		at com.sun.faces.application.view.MultiViewHandler.renderView(MultiViewHandler.java:133)
		at com.sun.faces.lifecycle.RenderResponsePhase.execute(RenderResponsePhase.java:120)
		at com.sun.faces.lifecycle.Phase.doPhase(Phase.java:101)
		at com.sun.faces.lifecycle.LifecycleImpl.render(LifecycleImpl.java:219)
		at javax.faces.webapp.FacesServlet.service(FacesServlet.java:647)
		at org.apache.catalina.core.ApplicationFilterChain.internalDoFilter(ApplicationFilterChain.java:231)
		at org.apache.catalina.core.ApplicationFilterChain.doFilter(ApplicationFilterChain.java:166)
		at org.apache.tomcat.websocket.server.WsFilter.doFilter(WsFilter.java:53)
		at org.apache.catalina.core.ApplicationFilterChain.internalDoFilter(ApplicationFilterChain.java:193)
		at org.apache.catalina.core.ApplicationFilterChain.doFilter(ApplicationFilterChain.java:166)
		at org.apache.catalina.core.StandardWrapperValve.invoke(StandardWrapperValve.java:202)
		at org.apache.catalina.core.StandardContextValve.invoke(StandardContextValve.java:96)
		at org.apache.catalina.authenticator.AuthenticatorBase.invoke(AuthenticatorBase.java:541)
		at org.apache.catalina.core.StandardHostValve.invoke(StandardHostValve.java:139)
		at org.apache.catalina.valves.ErrorReportValve.invoke(ErrorReportValve.java:92)
		at org.apache.catalina.valves.AbstractAccessLogValve.invoke(AbstractAccessLogValve.java:678)
		at org.apache.catalina.core.StandardEngineValve.invoke(StandardEngineValve.java:74)
		at org.apache.catalina.connector.CoyoteAdapter.service(CoyoteAdapter.java:343)
		at org.apache.coyote.http11.Http11Processor.service(Http11Processor.java:367)
		at org.apache.coyote.AbstractProcessorLight.process(AbstractProcessorLight.java:65)
		at org.apache.coyote.AbstractProtocol$ConnectionHandler.process(AbstractProtocol.java:860)
		at org.apache.tomcat.util.net.NioEndpoint$SocketProcessor.doRun(NioEndpoint.java:1598)
		at org.apache.tomcat.util.net.SocketProcessorBase.run(SocketProcessorBase.java:49)
		at java.util.concurrent.ThreadPoolExecutor.runWorker(ThreadPoolExecutor.java:1149)
		at java.util.concurrent.ThreadPoolExecutor$Worker.run(ThreadPoolExecutor.java:624)
		at org.apache.tomcat.util.threads.TaskThread$WrappingRunnable.run(TaskThread.java:61)
		at java.lang.Thread.run(Thread.java:748)
	Caused by: javax.el.ELException: Error reading [items] en el tipo [controller.CiudadController]
		at javax.el.BeanELResolver.getValue(BeanELResolver.java:98)
		at com.sun.faces.el.DemuxCompositeELResolver._getValue(DemuxCompositeELResolver.java:176)
		at com.sun.faces.el.DemuxCompositeELResolver.getValue(DemuxCompositeELResolver.java:203)
		at org.apache.el.parser.AstValue.getValue(AstValue.java:169)
		at org.apache.el.parser.AstEqual.getValue(AstEqual.java:37)
		at org.apache.el.ValueExpressionImpl.getValue(ValueExpressionImpl.java:190)
		at com.sun.faces.facelets.el.TagValueExpression.getValue(TagValueExpression.java:109)
		... 36 more
	Caused by: javax.persistence.PersistenceException: Exception [EclipseLink-4003] (Eclipse Persistence Services - 2.5.2.v20140319-9ad6abd): org.eclipse.persistence.exceptions.DatabaseException
Exception Description: Configuration error.  Class [oracle.jdbc.OracleDriver] not found.
		at org.eclipse.persistence.internal.jpa.EntityManagerSetupImpl.deploy(EntityManagerSetupImpl.java:766)
		at org.eclipse.persistence.internal.jpa.EntityManagerFactoryDelegate.getAbstractSession(EntityManagerFactoryDelegate.java:204)
		at org.eclipse.persistence.internal.jpa.EntityManagerFactoryDelegate.getDatabaseSession(EntityManagerFactoryDelegate.java:182)
		at org.eclipse.persistence.internal.jpa.EntityManagerFactoryImpl.getDatabaseSession(EntityManagerFactoryImpl.java:527)
		at org.eclipse.persistence.jpa.PersistenceProvider.createEntityManagerFactoryImpl(PersistenceProvider.java:140)
		at org.eclipse.persistence.jpa.PersistenceProvider.createEntityManagerFactory(PersistenceProvider.java:177)
		at javax.persistence.Persistence.createEntityManagerFactory(Persistence.java:79)
		at javax.persistence.Persistence.createEntityManagerFactory(Persistence.java:54)
		at controller.CiudadController.getJpaController(CiudadController.java:43)
		at controller.CiudadController.access$000(CiudadController.java:22)
		at controller.CiudadController$1.createPageDataModel(CiudadController.java:59)
		at controller.CiudadController.getItems(CiudadController.java:159)
		at sun.reflect.NativeMethodAccessorImpl.invoke0(Native Method)
		at sun.reflect.NativeMethodAccessorImpl.invoke(NativeMethodAccessorImpl.java:62)
		at sun.reflect.DelegatingMethodAccessorImpl.invoke(DelegatingMethodAccessorImpl.java:43)
		at java.lang.reflect.Method.invoke(Method.java:498)
		at javax.el.BeanELResolver.getValue(BeanELResolver.java:94)
		... 42 more
	Caused by: Exception [EclipseLink-4003] (Eclipse Persistence Services - 2.5.2.v20140319-9ad6abd): org.eclipse.persistence.exceptions.DatabaseException
Exception Description: Configuration error.  Class [oracle.jdbc.OracleDriver] not found.
		at org.eclipse.persistence.exceptions.DatabaseException.configurationErrorClassNotFound(DatabaseException.java:89)
		at org.eclipse.persistence.sessions.DefaultConnector.loadDriverClass(DefaultConnector.java:267)
		at org.eclipse.persistence.sessions.DefaultConnector.connect(DefaultConnector.java:85)
		at org.eclipse.persistence.sessions.DatasourceLogin.connectToDatasource(DatasourceLogin.java:162)
		at org.eclipse.persistence.internal.sessions.DatabaseSessionImpl.setOrDetectDatasource(DatabaseSessionImpl.java:204)
		at org.eclipse.persistence.internal.sessions.DatabaseSessionImpl.loginAndDetectDatasource(DatabaseSessionImpl.java:741)
		at org.eclipse.persistence.internal.jpa.EntityManagerFactoryProvider.login(EntityManagerFactoryProvider.java:239)
		at org.eclipse.persistence.internal.jpa.EntityManagerSetupImpl.deploy(EntityManagerSetupImpl.java:685)
		... 58 more
05-Feb-2020 23:15:26.974 1100 [http-nio-8080-exec-1] com.sun.faces.context.ExceptionHandlerImpl.log JSF1073: se ha interceptado javax.el.ELException durante el procesamiento de RENDER_RESPONSE 6 : UIComponent-ClientId=, Mensaje=/ciudad/List.xhtml @17,132 rendered="#{ciudadController.items.rowCount == 0}": Error reading [items] en el tipo [controller.CiudadController]
05-Feb-2020 23:15:26.975 1100 [http-nio-8080-exec-1] com.sun.faces.context.ExceptionHandlerImpl.log /ciudad/List.xhtml @17,132 rendered="#{ciudadController.items.rowCount == 0}": Error reading [items] en el tipo [controller.CiudadController]
	javax.el.ELException: /ciudad/List.xhtml @17,132 rendered="#{ciudadController.items.rowCount == 0}": Error reading [items] en el tipo [controller.CiudadController]
		at com.sun.faces.facelets.el.TagValueExpression.getValue(TagValueExpression.java:114)
		at javax.faces.component.ComponentStateHelper.eval(ComponentStateHelper.java:194)
		at javax.faces.component.UIComponentBase.isRendered(UIComponentBase.java:457)
		at javax.faces.component.UIComponent.encodeAll(UIComponent.java:1850)
		at javax.faces.render.Renderer.encodeChildren(Renderer.java:176)
		at javax.faces.component.UIComponentBase.encodeChildren(UIComponentBase.java:889)
		at javax.faces.component.UIComponent.encodeAll(UIComponent.java:1856)
		at javax.faces.component.UIComponent.encodeAll(UIComponent.java:1859)
		at javax.faces.component.UIComponent.encodeAll(UIComponent.java:1859)
		at com.sun.faces.application.view.FaceletViewHandlingStrategy.renderView(FaceletViewHandlingStrategy.java:456)
		at com.sun.faces.application.view.MultiViewHandler.renderView(MultiViewHandler.java:133)
		at com.sun.faces.lifecycle.RenderResponsePhase.execute(RenderResponsePhase.java:120)
		at com.sun.faces.lifecycle.Phase.doPhase(Phase.java:101)
		at com.sun.faces.lifecycle.LifecycleImpl.render(LifecycleImpl.java:219)
		at javax.faces.webapp.FacesServlet.service(FacesServlet.java:647)
		at org.apache.catalina.core.ApplicationFilterChain.internalDoFilter(ApplicationFilterChain.java:231)
		at org.apache.catalina.core.ApplicationFilterChain.doFilter(ApplicationFilterChain.java:166)
		at org.apache.tomcat.websocket.server.WsFilter.doFilter(WsFilter.java:53)
		at org.apache.catalina.core.ApplicationFilterChain.internalDoFilter(ApplicationFilterChain.java:193)
		at org.apache.catalina.core.ApplicationFilterChain.doFilter(ApplicationFilterChain.java:166)
		at org.apache.catalina.core.StandardWrapperValve.invoke(StandardWrapperValve.java:202)
		at org.apache.catalina.core.StandardContextValve.invoke(StandardContextValve.java:96)
		at org.apache.catalina.authenticator.AuthenticatorBase.invoke(AuthenticatorBase.java:541)
		at org.apache.catalina.core.StandardHostValve.invoke(StandardHostValve.java:139)
		at org.apache.catalina.valves.ErrorReportValve.invoke(ErrorReportValve.java:92)
		at org.apache.catalina.valves.AbstractAccessLogValve.invoke(AbstractAccessLogValve.java:678)
		at org.apache.catalina.core.StandardEngineValve.invoke(StandardEngineValve.java:74)
		at org.apache.catalina.connector.CoyoteAdapter.service(CoyoteAdapter.java:343)
		at org.apache.coyote.http11.Http11Processor.service(Http11Processor.java:367)
		at org.apache.coyote.AbstractProcessorLight.process(AbstractProcessorLight.java:65)
		at org.apache.coyote.AbstractProtocol$ConnectionHandler.process(AbstractProtocol.java:860)
		at org.apache.tomcat.util.net.NioEndpoint$SocketProcessor.doRun(NioEndpoint.java:1598)
		at org.apache.tomcat.util.net.SocketProcessorBase.run(SocketProcessorBase.java:49)
		at java.util.concurrent.ThreadPoolExecutor.runWorker(ThreadPoolExecutor.java:1149)
		at java.util.concurrent.ThreadPoolExecutor$Worker.run(ThreadPoolExecutor.java:624)
		at org.apache.tomcat.util.threads.TaskThread$WrappingRunnable.run(TaskThread.java:61)
		at java.lang.Thread.run(Thread.java:748)
	Caused by: javax.el.ELException: Error reading [items] en el tipo [controller.CiudadController]
		at javax.el.BeanELResolver.getValue(BeanELResolver.java:98)
		at com.sun.faces.el.DemuxCompositeELResolver._getValue(DemuxCompositeELResolver.java:176)
		at com.sun.faces.el.DemuxCompositeELResolver.getValue(DemuxCompositeELResolver.java:203)
		at org.apache.el.parser.AstValue.getValue(AstValue.java:169)
		at org.apache.el.parser.AstEqual.getValue(AstEqual.java:37)
		at org.apache.el.ValueExpressionImpl.getValue(ValueExpressionImpl.java:190)
		at com.sun.faces.facelets.el.TagValueExpression.getValue(TagValueExpression.java:109)
		... 36 more
	Caused by: javax.persistence.PersistenceException: Exception [EclipseLink-4003] (Eclipse Persistence Services - 2.5.2.v20140319-9ad6abd): org.eclipse.persistence.exceptions.DatabaseException
Exception Description: Configuration error.  Class [oracle.jdbc.OracleDriver] not found.
		at org.eclipse.persistence.internal.jpa.EntityManagerSetupImpl.deploy(EntityManagerSetupImpl.java:766)
		at org.eclipse.persistence.internal.jpa.EntityManagerFactoryDelegate.getAbstractSession(EntityManagerFactoryDelegate.java:204)
		at org.eclipse.persistence.internal.jpa.EntityManagerFactoryDelegate.getDatabaseSession(EntityManagerFactoryDelegate.java:182)
		at org.eclipse.persistence.internal.jpa.EntityManagerFactoryImpl.getDatabaseSession(EntityManagerFactoryImpl.java:527)
		at org.eclipse.persistence.jpa.PersistenceProvider.createEntityManagerFactoryImpl(PersistenceProvider.java:140)
		at org.eclipse.persistence.jpa.PersistenceProvider.createEntityManagerFactory(PersistenceProvider.java:177)
		at javax.persistence.Persistence.createEntityManagerFactory(Persistence.java:79)
		at javax.persistence.Persistence.createEntityManagerFactory(Persistence.java:54)
		at controller.CiudadController.getJpaController(CiudadController.java:43)
		at controller.CiudadController.access$000(CiudadController.java:22)
		at controller.CiudadController$1.createPageDataModel(CiudadController.java:59)
		at controller.CiudadController.getItems(CiudadController.java:159)
		at sun.reflect.NativeMethodAccessorImpl.invoke0(Native Method)
		at sun.reflect.NativeMethodAccessorImpl.invoke(NativeMethodAccessorImpl.java:62)
		at sun.reflect.DelegatingMethodAccessorImpl.invoke(DelegatingMethodAccessorImpl.java:43)
		at java.lang.reflect.Method.invoke(Method.java:498)
		at javax.el.BeanELResolver.getValue(BeanELResolver.java:94)
		... 42 more
	Caused by: Exception [EclipseLink-4003] (Eclipse Persistence Services - 2.5.2.v20140319-9ad6abd): org.eclipse.persistence.exceptions.DatabaseException
Exception Description: Configuration error.  Class [oracle.jdbc.OracleDriver] not found.
		at org.eclipse.persistence.exceptions.DatabaseException.configurationErrorClassNotFound(DatabaseException.java:89)
		at org.eclipse.persistence.sessions.DefaultConnector.loadDriverClass(DefaultConnector.java:267)
		at org.eclipse.persistence.sessions.DefaultConnector.connect(DefaultConnector.java:85)
		at org.eclipse.persistence.sessions.DatasourceLogin.connectToDatasource(DatasourceLogin.java:162)
		at org.eclipse.persistence.internal.sessions.DatabaseSessionImpl.setOrDetectDatasource(DatabaseSessionImpl.java:204)
		at org.eclipse.persistence.internal.sessions.DatabaseSessionImpl.loginAndDetectDatasource(DatabaseSessionImpl.java:741)
		at org.eclipse.persistence.internal.jpa.EntityManagerFactoryProvider.login(EntityManagerFactoryProvider.java:239)
		at org.eclipse.persistence.internal.jpa.EntityManagerSetupImpl.deploy(EntityManagerSetupImpl.java:685)
		... 58 more
05-Feb-2020 23:15:33.964 GRAVE [http-nio-8080-exec-4] com.sun.faces.application.view.FaceletViewHandlingStrategy.handleRenderException Error Rendering View[/empleado/List.xhtml]
	javax.el.ELException: /empleado/List.xhtml @17,136 rendered="#{empleadoController.items.rowCount == 0}": Error reading [items] en el tipo [controller.EmpleadoController]
		at com.sun.faces.facelets.el.TagValueExpression.getValue(TagValueExpression.java:114)
		at javax.faces.component.ComponentStateHelper.eval(ComponentStateHelper.java:194)
		at javax.faces.component.UIComponentBase.isRendered(UIComponentBase.java:457)
		at javax.faces.component.UIComponent.encodeAll(UIComponent.java:1850)
		at javax.faces.render.Renderer.encodeChildren(Renderer.java:176)
		at javax.faces.component.UIComponentBase.encodeChildren(UIComponentBase.java:889)
		at javax.faces.component.UIComponent.encodeAll(UIComponent.java:1856)
		at javax.faces.component.UIComponent.encodeAll(UIComponent.java:1859)
		at javax.faces.component.UIComponent.encodeAll(UIComponent.java:1859)
		at com.sun.faces.application.view.FaceletViewHandlingStrategy.renderView(FaceletViewHandlingStrategy.java:456)
		at com.sun.faces.application.view.MultiViewHandler.renderView(MultiViewHandler.java:133)
		at com.sun.faces.lifecycle.RenderResponsePhase.execute(RenderResponsePhase.java:120)
		at com.sun.faces.lifecycle.Phase.doPhase(Phase.java:101)
		at com.sun.faces.lifecycle.LifecycleImpl.render(LifecycleImpl.java:219)
		at javax.faces.webapp.FacesServlet.service(FacesServlet.java:647)
		at org.apache.catalina.core.ApplicationFilterChain.internalDoFilter(ApplicationFilterChain.java:231)
		at org.apache.catalina.core.ApplicationFilterChain.doFilter(ApplicationFilterChain.java:166)
		at org.apache.tomcat.websocket.server.WsFilter.doFilter(WsFilter.java:53)
		at org.apache.catalina.core.ApplicationFilterChain.internalDoFilter(ApplicationFilterChain.java:193)
		at org.apache.catalina.core.ApplicationFilterChain.doFilter(ApplicationFilterChain.java:166)
		at org.apache.catalina.core.StandardWrapperValve.invoke(StandardWrapperValve.java:202)
		at org.apache.catalina.core.StandardContextValve.invoke(StandardContextValve.java:96)
		at org.apache.catalina.authenticator.AuthenticatorBase.invoke(AuthenticatorBase.java:541)
		at org.apache.catalina.core.StandardHostValve.invoke(StandardHostValve.java:139)
		at org.apache.catalina.valves.ErrorReportValve.invoke(ErrorReportValve.java:92)
		at org.apache.catalina.valves.AbstractAccessLogValve.invoke(AbstractAccessLogValve.java:678)
		at org.apache.catalina.core.StandardEngineValve.invoke(StandardEngineValve.java:74)
		at org.apache.catalina.connector.CoyoteAdapter.service(CoyoteAdapter.java:343)
		at org.apache.coyote.http11.Http11Processor.service(Http11Processor.java:367)
		at org.apache.coyote.AbstractProcessorLight.process(AbstractProcessorLight.java:65)
		at org.apache.coyote.AbstractProtocol$ConnectionHandler.process(AbstractProtocol.java:860)
		at org.apache.tomcat.util.net.NioEndpoint$SocketProcessor.doRun(NioEndpoint.java:1598)
		at org.apache.tomcat.util.net.SocketProcessorBase.run(SocketProcessorBase.java:49)
		at java.util.concurrent.ThreadPoolExecutor.runWorker(ThreadPoolExecutor.java:1149)
		at java.util.concurrent.ThreadPoolExecutor$Worker.run(ThreadPoolExecutor.java:624)
		at org.apache.tomcat.util.threads.TaskThread$WrappingRunnable.run(TaskThread.java:61)
		at java.lang.Thread.run(Thread.java:748)
	Caused by: javax.el.ELException: Error reading [items] en el tipo [controller.EmpleadoController]
		at javax.el.BeanELResolver.getValue(BeanELResolver.java:98)
		at com.sun.faces.el.DemuxCompositeELResolver._getValue(DemuxCompositeELResolver.java:176)
		at com.sun.faces.el.DemuxCompositeELResolver.getValue(DemuxCompositeELResolver.java:203)
		at org.apache.el.parser.AstValue.getValue(AstValue.java:169)
		at org.apache.el.parser.AstEqual.getValue(AstEqual.java:37)
		at org.apache.el.ValueExpressionImpl.getValue(ValueExpressionImpl.java:190)
		at com.sun.faces.facelets.el.TagValueExpression.getValue(TagValueExpression.java:109)
		... 36 more
	Caused by: javax.persistence.PersistenceException: Exception [EclipseLink-4003] (Eclipse Persistence Services - 2.5.2.v20140319-9ad6abd): org.eclipse.persistence.exceptions.DatabaseException
Exception Description: Configuration error.  Class [oracle.jdbc.OracleDriver] not found.
		at org.eclipse.persistence.internal.jpa.EntityManagerSetupImpl.deploy(EntityManagerSetupImpl.java:766)
		at org.eclipse.persistence.internal.jpa.EntityManagerFactoryDelegate.getAbstractSession(EntityManagerFactoryDelegate.java:204)
		at org.eclipse.persistence.internal.jpa.EntityManagerFactoryDelegate.getDatabaseSession(EntityManagerFactoryDelegate.java:182)
		at org.eclipse.persistence.internal.jpa.EntityManagerFactoryImpl.getDatabaseSession(EntityManagerFactoryImpl.java:527)
		at org.eclipse.persistence.jpa.PersistenceProvider.createEntityManagerFactoryImpl(PersistenceProvider.java:140)
		at org.eclipse.persistence.jpa.PersistenceProvider.createEntityManagerFactory(PersistenceProvider.java:177)
		at javax.persistence.Persistence.createEntityManagerFactory(Persistence.java:79)
		at javax.persistence.Persistence.createEntityManagerFactory(Persistence.java:54)
		at controller.EmpleadoController.getJpaController(EmpleadoController.java:43)
		at controller.EmpleadoController.access$000(EmpleadoController.java:22)
		at controller.EmpleadoController$1.createPageDataModel(EmpleadoController.java:59)
		at controller.EmpleadoController.getItems(EmpleadoController.java:159)
		at sun.reflect.NativeMethodAccessorImpl.invoke0(Native Method)
		at sun.reflect.NativeMethodAccessorImpl.invoke(NativeMethodAccessorImpl.java:62)
		at sun.reflect.DelegatingMethodAccessorImpl.invoke(DelegatingMethodAccessorImpl.java:43)
		at java.lang.reflect.Method.invoke(Method.java:498)
		at javax.el.BeanELResolver.getValue(BeanELResolver.java:94)
		... 42 more
	Caused by: Exception [EclipseLink-4003] (Eclipse Persistence Services - 2.5.2.v20140319-9ad6abd): org.eclipse.persistence.exceptions.DatabaseException
Exception Description: Configuration error.  Class [oracle.jdbc.OracleDriver] not found.
		at org.eclipse.persistence.exceptions.DatabaseException.configurationErrorClassNotFound(DatabaseException.java:89)
		at org.eclipse.persistence.sessions.DefaultConnector.loadDriverClass(DefaultConnector.java:267)
		at org.eclipse.persistence.sessions.DefaultConnector.connect(DefaultConnector.java:85)
		at org.eclipse.persistence.sessions.DatasourceLogin.connectToDatasource(DatasourceLogin.java:162)
		at org.eclipse.persistence.internal.sessions.DatabaseSessionImpl.setOrDetectDatasource(DatabaseSessionImpl.java:204)
		at org.eclipse.persistence.internal.sessions.DatabaseSessionImpl.loginAndDetectDatasource(DatabaseSessionImpl.java:741)
		at org.eclipse.persistence.internal.jpa.EntityManagerFactoryProvider.login(EntityManagerFactoryProvider.java:239)
		at org.eclipse.persistence.internal.jpa.EntityManagerSetupImpl.deploy(EntityManagerSetupImpl.java:685)
		... 58 more
05-Feb-2020 23:15:34.436 1100 [http-nio-8080-exec-4] com.sun.faces.context.ExceptionHandlerImpl.log JSF1073: se ha interceptado javax.el.ELException durante el procesamiento de RENDER_RESPONSE 6 : UIComponent-ClientId=, Mensaje=/empleado/List.xhtml @17,136 rendered="#{empleadoController.items.rowCount == 0}": Error reading [items] en el tipo [controller.EmpleadoController]
05-Feb-2020 23:15:34.437 1100 [http-nio-8080-exec-4] com.sun.faces.context.ExceptionHandlerImpl.log /empleado/List.xhtml @17,136 rendered="#{empleadoController.items.rowCount == 0}": Error reading [items] en el tipo [controller.EmpleadoController]
	javax.el.ELException: /empleado/List.xhtml @17,136 rendered="#{empleadoController.items.rowCount == 0}": Error reading [items] en el tipo [controller.EmpleadoController]
		at com.sun.faces.facelets.el.TagValueExpression.getValue(TagValueExpression.java:114)
		at javax.faces.component.ComponentStateHelper.eval(ComponentStateHelper.java:194)
		at javax.faces.component.UIComponentBase.isRendered(UIComponentBase.java:457)
		at javax.faces.component.UIComponent.encodeAll(UIComponent.java:1850)
		at javax.faces.render.Renderer.encodeChildren(Renderer.java:176)
		at javax.faces.component.UIComponentBase.encodeChildren(UIComponentBase.java:889)
		at javax.faces.component.UIComponent.encodeAll(UIComponent.java:1856)
		at javax.faces.component.UIComponent.encodeAll(UIComponent.java:1859)
		at javax.faces.component.UIComponent.encodeAll(UIComponent.java:1859)
		at com.sun.faces.application.view.FaceletViewHandlingStrategy.renderView(FaceletViewHandlingStrategy.java:456)
		at com.sun.faces.application.view.MultiViewHandler.renderView(MultiViewHandler.java:133)
		at com.sun.faces.lifecycle.RenderResponsePhase.execute(RenderResponsePhase.java:120)
		at com.sun.faces.lifecycle.Phase.doPhase(Phase.java:101)
		at com.sun.faces.lifecycle.LifecycleImpl.render(LifecycleImpl.java:219)
		at javax.faces.webapp.FacesServlet.service(FacesServlet.java:647)
		at org.apache.catalina.core.ApplicationFilterChain.internalDoFilter(ApplicationFilterChain.java:231)
		at org.apache.catalina.core.ApplicationFilterChain.doFilter(ApplicationFilterChain.java:166)
		at org.apache.tomcat.websocket.server.WsFilter.doFilter(WsFilter.java:53)
		at org.apache.catalina.core.ApplicationFilterChain.internalDoFilter(ApplicationFilterChain.java:193)
		at org.apache.catalina.core.ApplicationFilterChain.doFilter(ApplicationFilterChain.java:166)
		at org.apache.catalina.core.StandardWrapperValve.invoke(StandardWrapperValve.java:202)
		at org.apache.catalina.core.StandardContextValve.invoke(StandardContextValve.java:96)
		at org.apache.catalina.authenticator.AuthenticatorBase.invoke(AuthenticatorBase.java:541)
		at org.apache.catalina.core.StandardHostValve.invoke(StandardHostValve.java:139)
		at org.apache.catalina.valves.ErrorReportValve.invoke(ErrorReportValve.java:92)
		at org.apache.catalina.valves.AbstractAccessLogValve.invoke(AbstractAccessLogValve.java:678)
		at org.apache.catalina.core.StandardEngineValve.invoke(StandardEngineValve.java:74)
		at org.apache.catalina.connector.CoyoteAdapter.service(CoyoteAdapter.java:343)
		at org.apache.coyote.http11.Http11Processor.service(Http11Processor.java:367)
		at org.apache.coyote.AbstractProcessorLight.process(AbstractProcessorLight.java:65)
		at org.apache.coyote.AbstractProtocol$ConnectionHandler.process(AbstractProtocol.java:860)
		at org.apache.tomcat.util.net.NioEndpoint$SocketProcessor.doRun(NioEndpoint.java:1598)
		at org.apache.tomcat.util.net.SocketProcessorBase.run(SocketProcessorBase.java:49)
		at java.util.concurrent.ThreadPoolExecutor.runWorker(ThreadPoolExecutor.java:1149)
		at java.util.concurrent.ThreadPoolExecutor$Worker.run(ThreadPoolExecutor.java:624)
		at org.apache.tomcat.util.threads.TaskThread$WrappingRunnable.run(TaskThread.java:61)
		at java.lang.Thread.run(Thread.java:748)
	Caused by: javax.el.ELException: Error reading [items] en el tipo [controller.EmpleadoController]
		at javax.el.BeanELResolver.getValue(BeanELResolver.java:98)
		at com.sun.faces.el.DemuxCompositeELResolver._getValue(DemuxCompositeELResolver.java:176)
		at com.sun.faces.el.DemuxCompositeELResolver.getValue(DemuxCompositeELResolver.java:203)
		at org.apache.el.parser.AstValue.getValue(AstValue.java:169)
		at org.apache.el.parser.AstEqual.getValue(AstEqual.java:37)
		at org.apache.el.ValueExpressionImpl.getValue(ValueExpressionImpl.java:190)
		at com.sun.faces.facelets.el.TagValueExpression.getValue(TagValueExpression.java:109)
		... 36 more
	Caused by: javax.persistence.PersistenceException: Exception [EclipseLink-4003] (Eclipse Persistence Services - 2.5.2.v20140319-9ad6abd): org.eclipse.persistence.exceptions.DatabaseException
Exception Description: Configuration error.  Class [oracle.jdbc.OracleDriver] not found.
		at org.eclipse.persistence.internal.jpa.EntityManagerSetupImpl.deploy(EntityManagerSetupImpl.java:766)
		at org.eclipse.persistence.internal.jpa.EntityManagerFactoryDelegate.getAbstractSession(EntityManagerFactoryDelegate.java:204)
		at org.eclipse.persistence.internal.jpa.EntityManagerFactoryDelegate.getDatabaseSession(EntityManagerFactoryDelegate.java:182)
		at org.eclipse.persistence.internal.jpa.EntityManagerFactoryImpl.getDatabaseSession(EntityManagerFactoryImpl.java:527)
		at org.eclipse.persistence.jpa.PersistenceProvider.createEntityManagerFactoryImpl(PersistenceProvider.java:140)
		at org.eclipse.persistence.jpa.PersistenceProvider.createEntityManagerFactory(PersistenceProvider.java:177)
		at javax.persistence.Persistence.createEntityManagerFactory(Persistence.java:79)
		at javax.persistence.Persistence.createEntityManagerFactory(Persistence.java:54)
		at controller.EmpleadoController.getJpaController(EmpleadoController.java:43)
		at controller.EmpleadoController.access$000(EmpleadoController.java:22)
		at controller.EmpleadoController$1.createPageDataModel(EmpleadoController.java:59)
		at controller.EmpleadoController.getItems(EmpleadoController.java:159)
		at sun.reflect.NativeMethodAccessorImpl.invoke0(Native Method)
		at sun.reflect.NativeMethodAccessorImpl.invoke(NativeMethodAccessorImpl.java:62)
		at sun.reflect.DelegatingMethodAccessorImpl.invoke(DelegatingMethodAccessorImpl.java:43)
		at java.lang.reflect.Method.invoke(Method.java:498)
		at javax.el.BeanELResolver.getValue(BeanELResolver.java:94)
		... 42 more
	Caused by: Exception [EclipseLink-4003] (Eclipse Persistence Services - 2.5.2.v20140319-9ad6abd): org.eclipse.persistence.exceptions.DatabaseException
Exception Description: Configuration error.  Class [oracle.jdbc.OracleDriver] not found.
		at org.eclipse.persistence.exceptions.DatabaseException.configurationErrorClassNotFound(DatabaseException.java:89)
		at org.eclipse.persistence.sessions.DefaultConnector.loadDriverClass(DefaultConnector.java:267)
		at org.eclipse.persistence.sessions.DefaultConnector.connect(DefaultConnector.java:85)
		at org.eclipse.persistence.sessions.DatasourceLogin.connectToDatasource(DatasourceLogin.java:162)
		at org.eclipse.persistence.internal.sessions.DatabaseSessionImpl.setOrDetectDatasource(DatabaseSessionImpl.java:204)
		at org.eclipse.persistence.internal.sessions.DatabaseSessionImpl.loginAndDetectDatasource(DatabaseSessionImpl.java:741)
		at org.eclipse.persistence.internal.jpa.EntityManagerFactoryProvider.login(EntityManagerFactoryProvider.java:239)
		at org.eclipse.persistence.internal.jpa.EntityManagerSetupImpl.deploy(EntityManagerSetupImpl.java:685)
		... 58 more
05-Feb-2020 23:15:35.995 GRAVE [http-nio-8080-exec-2] com.sun.faces.application.view.FaceletViewHandlingStrategy.handleRenderException Error Rendering View[/departamento/List.xhtml]
	javax.el.ELException: /departamento/List.xhtml @17,144 rendered="#{departamentoController.items.rowCount == 0}": Error reading [items] en el tipo [controller.DepartamentoController]
		at com.sun.faces.facelets.el.TagValueExpression.getValue(TagValueExpression.java:114)
		at javax.faces.component.ComponentStateHelper.eval(ComponentStateHelper.java:194)
		at javax.faces.component.UIComponentBase.isRendered(UIComponentBase.java:457)
		at javax.faces.component.UIComponent.encodeAll(UIComponent.java:1850)
		at javax.faces.render.Renderer.encodeChildren(Renderer.java:176)
		at javax.faces.component.UIComponentBase.encodeChildren(UIComponentBase.java:889)
		at javax.faces.component.UIComponent.encodeAll(UIComponent.java:1856)
		at javax.faces.component.UIComponent.encodeAll(UIComponent.java:1859)
		at javax.faces.component.UIComponent.encodeAll(UIComponent.java:1859)
		at com.sun.faces.application.view.FaceletViewHandlingStrategy.renderView(FaceletViewHandlingStrategy.java:456)
		at com.sun.faces.application.view.MultiViewHandler.renderView(MultiViewHandler.java:133)
		at com.sun.faces.lifecycle.RenderResponsePhase.execute(RenderResponsePhase.java:120)
		at com.sun.faces.lifecycle.Phase.doPhase(Phase.java:101)
		at com.sun.faces.lifecycle.LifecycleImpl.render(LifecycleImpl.java:219)
		at javax.faces.webapp.FacesServlet.service(FacesServlet.java:647)
		at org.apache.catalina.core.ApplicationFilterChain.internalDoFilter(ApplicationFilterChain.java:231)
		at org.apache.catalina.core.ApplicationFilterChain.doFilter(ApplicationFilterChain.java:166)
		at org.apache.tomcat.websocket.server.WsFilter.doFilter(WsFilter.java:53)
		at org.apache.catalina.core.ApplicationFilterChain.internalDoFilter(ApplicationFilterChain.java:193)
		at org.apache.catalina.core.ApplicationFilterChain.doFilter(ApplicationFilterChain.java:166)
		at org.apache.catalina.core.StandardWrapperValve.invoke(StandardWrapperValve.java:202)
		at org.apache.catalina.core.StandardContextValve.invoke(StandardContextValve.java:96)
		at org.apache.catalina.authenticator.AuthenticatorBase.invoke(AuthenticatorBase.java:541)
		at org.apache.catalina.core.StandardHostValve.invoke(StandardHostValve.java:139)
		at org.apache.catalina.valves.ErrorReportValve.invoke(ErrorReportValve.java:92)
		at org.apache.catalina.valves.AbstractAccessLogValve.invoke(AbstractAccessLogValve.java:678)
		at org.apache.catalina.core.StandardEngineValve.invoke(StandardEngineValve.java:74)
		at org.apache.catalina.connector.CoyoteAdapter.service(CoyoteAdapter.java:343)
		at org.apache.coyote.http11.Http11Processor.service(Http11Processor.java:367)
		at org.apache.coyote.AbstractProcessorLight.process(AbstractProcessorLight.java:65)
		at org.apache.coyote.AbstractProtocol$ConnectionHandler.process(AbstractProtocol.java:860)
		at org.apache.tomcat.util.net.NioEndpoint$SocketProcessor.doRun(NioEndpoint.java:1598)
		at org.apache.tomcat.util.net.SocketProcessorBase.run(SocketProcessorBase.java:49)
		at java.util.concurrent.ThreadPoolExecutor.runWorker(ThreadPoolExecutor.java:1149)
		at java.util.concurrent.ThreadPoolExecutor$Worker.run(ThreadPoolExecutor.java:624)
		at org.apache.tomcat.util.threads.TaskThread$WrappingRunnable.run(TaskThread.java:61)
		at java.lang.Thread.run(Thread.java:748)
	Caused by: javax.el.ELException: Error reading [items] en el tipo [controller.DepartamentoController]
		at javax.el.BeanELResolver.getValue(BeanELResolver.java:98)
		at com.sun.faces.el.DemuxCompositeELResolver._getValue(DemuxCompositeELResolver.java:176)
		at com.sun.faces.el.DemuxCompositeELResolver.getValue(DemuxCompositeELResolver.java:203)
		at org.apache.el.parser.AstValue.getValue(AstValue.java:169)
		at org.apache.el.parser.AstEqual.getValue(AstEqual.java:37)
		at org.apache.el.ValueExpressionImpl.getValue(ValueExpressionImpl.java:190)
		at com.sun.faces.facelets.el.TagValueExpression.getValue(TagValueExpression.java:109)
		... 36 more
	Caused by: javax.persistence.PersistenceException: Exception [EclipseLink-4003] (Eclipse Persistence Services - 2.5.2.v20140319-9ad6abd): org.eclipse.persistence.exceptions.DatabaseException
Exception Description: Configuration error.  Class [oracle.jdbc.OracleDriver] not found.
		at org.eclipse.persistence.internal.jpa.EntityManagerSetupImpl.deploy(EntityManagerSetupImpl.java:766)
		at org.eclipse.persistence.internal.jpa.EntityManagerFactoryDelegate.getAbstractSession(EntityManagerFactoryDelegate.java:204)
		at org.eclipse.persistence.internal.jpa.EntityManagerFactoryDelegate.getDatabaseSession(EntityManagerFactoryDelegate.java:182)
		at org.eclipse.persistence.internal.jpa.EntityManagerFactoryImpl.getDatabaseSession(EntityManagerFactoryImpl.java:527)
		at org.eclipse.persistence.jpa.PersistenceProvider.createEntityManagerFactoryImpl(PersistenceProvider.java:140)
		at org.eclipse.persistence.jpa.PersistenceProvider.createEntityManagerFactory(PersistenceProvider.java:177)
		at javax.persistence.Persistence.createEntityManagerFactory(Persistence.java:79)
		at javax.persistence.Persistence.createEntityManagerFactory(Persistence.java:54)
		at controller.DepartamentoController.getJpaController(DepartamentoController.java:43)
		at controller.DepartamentoController.access$000(DepartamentoController.java:22)
		at controller.DepartamentoController$1.createPageDataModel(DepartamentoController.java:59)
		at controller.DepartamentoController.getItems(DepartamentoController.java:159)
		at sun.reflect.NativeMethodAccessorImpl.invoke0(Native Method)
		at sun.reflect.NativeMethodAccessorImpl.invoke(NativeMethodAccessorImpl.java:62)
		at sun.reflect.DelegatingMethodAccessorImpl.invoke(DelegatingMethodAccessorImpl.java:43)
		at java.lang.reflect.Method.invoke(Method.java:498)
		at javax.el.BeanELResolver.getValue(BeanELResolver.java:94)
		... 42 more
	Caused by: Exception [EclipseLink-4003] (Eclipse Persistence Services - 2.5.2.v20140319-9ad6abd): org.eclipse.persistence.exceptions.DatabaseException
Exception Description: Configuration error.  Class [oracle.jdbc.OracleDriver] not found.
		at org.eclipse.persistence.exceptions.DatabaseException.configurationErrorClassNotFound(DatabaseException.java:89)
		at org.eclipse.persistence.sessions.DefaultConnector.loadDriverClass(DefaultConnector.java:267)
		at org.eclipse.persistence.sessions.DefaultConnector.connect(DefaultConnector.java:85)
		at org.eclipse.persistence.sessions.DatasourceLogin.connectToDatasource(DatasourceLogin.java:162)
		at org.eclipse.persistence.internal.sessions.DatabaseSessionImpl.setOrDetectDatasource(DatabaseSessionImpl.java:204)
		at org.eclipse.persistence.internal.sessions.DatabaseSessionImpl.loginAndDetectDatasource(DatabaseSessionImpl.java:741)
		at org.eclipse.persistence.internal.jpa.EntityManagerFactoryProvider.login(EntityManagerFactoryProvider.java:239)
		at org.eclipse.persistence.internal.jpa.EntityManagerSetupImpl.deploy(EntityManagerSetupImpl.java:685)
		... 58 more
05-Feb-2020 23:15:36.407 1100 [http-nio-8080-exec-2] com.sun.faces.context.ExceptionHandlerImpl.log JSF1073: se ha interceptado javax.el.ELException durante el procesamiento de RENDER_RESPONSE 6 : UIComponent-ClientId=, Mensaje=/departamento/List.xhtml @17,144 rendered="#{departamentoController.items.rowCount == 0}": Error reading [items] en el tipo [controller.DepartamentoController]
05-Feb-2020 23:15:36.407 1100 [http-nio-8080-exec-2] com.sun.faces.context.ExceptionHandlerImpl.log /departamento/List.xhtml @17,144 rendered="#{departamentoController.items.rowCount == 0}": Error reading [items] en el tipo [controller.DepartamentoController]
	javax.el.ELException: /departamento/List.xhtml @17,144 rendered="#{departamentoController.items.rowCount == 0}": Error reading [items] en el tipo [controller.DepartamentoController]
		at com.sun.faces.facelets.el.TagValueExpression.getValue(TagValueExpression.java:114)
		at javax.faces.component.ComponentStateHelper.eval(ComponentStateHelper.java:194)
		at javax.faces.component.UIComponentBase.isRendered(UIComponentBase.java:457)
		at javax.faces.component.UIComponent.encodeAll(UIComponent.java:1850)
		at javax.faces.render.Renderer.encodeChildren(Renderer.java:176)
		at javax.faces.component.UIComponentBase.encodeChildren(UIComponentBase.java:889)
		at javax.faces.component.UIComponent.encodeAll(UIComponent.java:1856)
		at javax.faces.component.UIComponent.encodeAll(UIComponent.java:1859)
		at javax.faces.component.UIComponent.encodeAll(UIComponent.java:1859)
		at com.sun.faces.application.view.FaceletViewHandlingStrategy.renderView(FaceletViewHandlingStrategy.java:456)
		at com.sun.faces.application.view.MultiViewHandler.renderView(MultiViewHandler.java:133)
		at com.sun.faces.lifecycle.RenderResponsePhase.execute(RenderResponsePhase.java:120)
		at com.sun.faces.lifecycle.Phase.doPhase(Phase.java:101)
		at com.sun.faces.lifecycle.LifecycleImpl.render(LifecycleImpl.java:219)
		at javax.faces.webapp.FacesServlet.service(FacesServlet.java:647)
		at org.apache.catalina.core.ApplicationFilterChain.internalDoFilter(ApplicationFilterChain.java:231)
		at org.apache.catalina.core.ApplicationFilterChain.doFilter(ApplicationFilterChain.java:166)
		at org.apache.tomcat.websocket.server.WsFilter.doFilter(WsFilter.java:53)
		at org.apache.catalina.core.ApplicationFilterChain.internalDoFilter(ApplicationFilterChain.java:193)
		at org.apache.catalina.core.ApplicationFilterChain.doFilter(ApplicationFilterChain.java:166)
		at org.apache.catalina.core.StandardWrapperValve.invoke(StandardWrapperValve.java:202)
		at org.apache.catalina.core.StandardContextValve.invoke(StandardContextValve.java:96)
		at org.apache.catalina.authenticator.AuthenticatorBase.invoke(AuthenticatorBase.java:541)
		at org.apache.catalina.core.StandardHostValve.invoke(StandardHostValve.java:139)
		at org.apache.catalina.valves.ErrorReportValve.invoke(ErrorReportValve.java:92)
		at org.apache.catalina.valves.AbstractAccessLogValve.invoke(AbstractAccessLogValve.java:678)
		at org.apache.catalina.core.StandardEngineValve.invoke(StandardEngineValve.java:74)
		at org.apache.catalina.connector.CoyoteAdapter.service(CoyoteAdapter.java:343)
		at org.apache.coyote.http11.Http11Processor.service(Http11Processor.java:367)
		at org.apache.coyote.AbstractProcessorLight.process(AbstractProcessorLight.java:65)
		at org.apache.coyote.AbstractProtocol$ConnectionHandler.process(AbstractProtocol.java:860)
		at org.apache.tomcat.util.net.NioEndpoint$SocketProcessor.doRun(NioEndpoint.java:1598)
		at org.apache.tomcat.util.net.SocketProcessorBase.run(SocketProcessorBase.java:49)
		at java.util.concurrent.ThreadPoolExecutor.runWorker(ThreadPoolExecutor.java:1149)
		at java.util.concurrent.ThreadPoolExecutor$Worker.run(ThreadPoolExecutor.java:624)
		at org.apache.tomcat.util.threads.TaskThread$WrappingRunnable.run(TaskThread.java:61)
		at java.lang.Thread.run(Thread.java:748)
	Caused by: javax.el.ELException: Error reading [items] en el tipo [controller.DepartamentoController]
		at javax.el.BeanELResolver.getValue(BeanELResolver.java:98)
		at com.sun.faces.el.DemuxCompositeELResolver._getValue(DemuxCompositeELResolver.java:176)
		at com.sun.faces.el.DemuxCompositeELResolver.getValue(DemuxCompositeELResolver.java:203)
		at org.apache.el.parser.AstValue.getValue(AstValue.java:169)
		at org.apache.el.parser.AstEqual.getValue(AstEqual.java:37)
		at org.apache.el.ValueExpressionImpl.getValue(ValueExpressionImpl.java:190)
		at com.sun.faces.facelets.el.TagValueExpression.getValue(TagValueExpression.java:109)
		... 36 more
	Caused by: javax.persistence.PersistenceException: Exception [EclipseLink-4003] (Eclipse Persistence Services - 2.5.2.v20140319-9ad6abd): org.eclipse.persistence.exceptions.DatabaseException
Exception Description: Configuration error.  Class [oracle.jdbc.OracleDriver] not found.
		at org.eclipse.persistence.internal.jpa.EntityManagerSetupImpl.deploy(EntityManagerSetupImpl.java:766)
		at org.eclipse.persistence.internal.jpa.EntityManagerFactoryDelegate.getAbstractSession(EntityManagerFactoryDelegate.java:204)
		at org.eclipse.persistence.internal.jpa.EntityManagerFactoryDelegate.getDatabaseSession(EntityManagerFactoryDelegate.java:182)
		at org.eclipse.persistence.internal.jpa.EntityManagerFactoryImpl.getDatabaseSession(EntityManagerFactoryImpl.java:527)
		at org.eclipse.persistence.jpa.PersistenceProvider.createEntityManagerFactoryImpl(PersistenceProvider.java:140)
		at org.eclipse.persistence.jpa.PersistenceProvider.createEntityManagerFactory(PersistenceProvider.java:177)
		at javax.persistence.Persistence.createEntityManagerFactory(Persistence.java:79)
		at javax.persistence.Persistence.createEntityManagerFactory(Persistence.java:54)
		at controller.DepartamentoController.getJpaController(DepartamentoController.java:43)
		at controller.DepartamentoController.access$000(DepartamentoController.java:22)
		at controller.DepartamentoController$1.createPageDataModel(DepartamentoController.java:59)
		at controller.DepartamentoController.getItems(DepartamentoController.java:159)
		at sun.reflect.NativeMethodAccessorImpl.invoke0(Native Method)
		at sun.reflect.NativeMethodAccessorImpl.invoke(NativeMethodAccessorImpl.java:62)
		at sun.reflect.DelegatingMethodAccessorImpl.invoke(DelegatingMethodAccessorImpl.java:43)
		at java.lang.reflect.Method.invoke(Method.java:498)
		at javax.el.BeanELResolver.getValue(BeanELResolver.java:94)
		... 42 more
	Caused by: Exception [EclipseLink-4003] (Eclipse Persistence Services - 2.5.2.v20140319-9ad6abd): org.eclipse.persistence.exceptions.DatabaseException
Exception Description: Configuration error.  Class [oracle.jdbc.OracleDriver] not found.
		at org.eclipse.persistence.exceptions.DatabaseException.configurationErrorClassNotFound(DatabaseException.java:89)
		at org.eclipse.persistence.sessions.DefaultConnector.loadDriverClass(DefaultConnector.java:267)
		at org.eclipse.persistence.sessions.DefaultConnector.connect(DefaultConnector.java:85)
		at org.eclipse.persistence.sessions.DatasourceLogin.connectToDatasource(DatasourceLogin.java:162)
		at org.eclipse.persistence.internal.sessions.DatabaseSessionImpl.setOrDetectDatasource(DatabaseSessionImpl.java:204)
		at org.eclipse.persistence.internal.sessions.DatabaseSessionImpl.loginAndDetectDatasource(DatabaseSessionImpl.java:741)
		at org.eclipse.persistence.internal.jpa.EntityManagerFactoryProvider.login(EntityManagerFactoryProvider.java:239)
		at org.eclipse.persistence.internal.jpa.EntityManagerSetupImpl.deploy(EntityManagerSetupImpl.java:685)
		... 58 more
05-Feb-2020 23:16:04.622 INFORMACIÓN [http-nio-8080-exec-8] org.apache.catalina.core.StandardContext.reload Ha comenzado la recarga de Contexto [/WebApplication]
05-Feb-2020 23:16:04.630 INFORMACIÓN [http-nio-8080-exec-8] org.springframework.context.support.AbstractApplicationContext.doClose Closing WebApplicationContext for namespace 'dispatcher-servlet': startup date [Wed Feb 05 23:15:18 COT 2020]; parent: Root WebApplicationContext
05-Feb-2020 23:16:04.737 INFORMACIÓN [http-nio-8080-exec-8] org.springframework.context.support.AbstractApplicationContext.doClose Closing Root WebApplicationContext: startup date [Wed Feb 05 23:15:16 COT 2020]; root of context hierarchy
05-Feb-2020 23:16:13.914 INFORMACIÓN [http-nio-8080-exec-8] org.apache.jasper.servlet.TldScanner.scanJars Al menos un JAR, que se ha explorado buscando TLDs, aún no contenía TLDs. Activar historial de depuración para este historiador para una completa lista de los JARs que fueron explorados y de los que nos se halló TLDs. Saltarse JARs no necesarios durante la exploración puede dar lugar a una mejora de tiempo significativa en el arranque y compilación de JSP .
05-Feb-2020 23:16:13.990 INFORMACIÓN [http-nio-8080-exec-8] org.springframework.web.context.ContextLoader.initWebApplicationContext Root WebApplicationContext: initialization started
05-Feb-2020 23:16:14.228 INFORMACIÓN [http-nio-8080-exec-8] org.springframework.context.support.AbstractApplicationContext.prepareRefresh Refreshing Root WebApplicationContext: startup date [Wed Feb 05 23:16:14 COT 2020]; root of context hierarchy
05-Feb-2020 23:16:14.376 INFORMACIÓN [http-nio-8080-exec-8] org.springframework.beans.factory.xml.XmlBeanDefinitionReader.loadBeanDefinitions Loading XML bean definitions from ServletContext resource [/WEB-INF/applicationContext.xml]
05-Feb-2020 23:16:14.535 INFORMACIÓN [http-nio-8080-exec-8] org.springframework.web.context.ContextLoader.initWebApplicationContext Root WebApplicationContext: initialization completed in 545 ms
05-Feb-2020 23:16:14.638 INFORMACIÓN [http-nio-8080-exec-8] com.sun.faces.config.ConfigureListener.contextInitialized Inicializando Mojarra 2.2.7 ( 20140610-1547 https://svn.java.net/svn/mojarra~svn/tags/2.2.7@13362) para el contexto '/WebApplication'
05-Feb-2020 23:16:14.974 INFORMACIÓN [http-nio-8080-exec-8] com.sun.faces.spi.InjectionProviderFactory.createInstance JSF1048: hay presentes anotaciones PostConstruct/PreDestroy.  Los métodos de beans administrados marcados con estas anotaciones procesarán dichas anotaciones.
05-Feb-2020 23:16:15.848 INFORMACIÓN [http-nio-8080-exec-8] com.sun.faces.config.ConfigureListener$WebConfigResourceMonitor$Monitor.<init> Monitoring file:/Users/leonardosanchez/NetBeansProjects/WebApplication/build/web/WEB-INF/faces-config.xml for modifications
05-Feb-2020 23:16:16.012 INFORMACIÓN [http-nio-8080-exec-8] org.springframework.web.servlet.FrameworkServlet.initServletBean FrameworkServlet 'dispatcher': initialization started
05-Feb-2020 23:16:16.021 INFORMACIÓN [http-nio-8080-exec-8] org.springframework.context.support.AbstractApplicationContext.prepareRefresh Refreshing WebApplicationContext for namespace 'dispatcher-servlet': startup date [Wed Feb 05 23:16:16 COT 2020]; parent: Root WebApplicationContext
05-Feb-2020 23:16:16.024 INFORMACIÓN [http-nio-8080-exec-8] org.springframework.beans.factory.xml.XmlBeanDefinitionReader.loadBeanDefinitions Loading XML bean definitions from ServletContext resource [/WEB-INF/dispatcher-servlet.xml]
05-Feb-2020 23:16:16.281 INFORMACIÓN [http-nio-8080-exec-8] org.springframework.web.servlet.handler.AbstractUrlHandlerMapping.registerHandler Mapped URL path [/index.htm] onto handler 'indexController'
05-Feb-2020 23:16:16.400 INFORMACIÓN [http-nio-8080-exec-8] org.springframework.web.servlet.FrameworkServlet.initServletBean FrameworkServlet 'dispatcher': initialization completed in 388 ms
05-Feb-2020 23:16:16.402 INFORMACIÓN [http-nio-8080-exec-8] org.apache.catalina.core.StandardContext.reload Se ha completado la recarga de este Contexto
05-Feb-2020 23:16:16.441 INFORMACIÓN [http-nio-8080-exec-2] org.springframework.context.support.AbstractApplicationContext.doClose Closing WebApplicationContext for namespace 'dispatcher-servlet': startup date [Wed Feb 05 23:16:16 COT 2020]; parent: Root WebApplicationContext
05-Feb-2020 23:16:16.489 INFORMACIÓN [http-nio-8080-exec-2] org.springframework.context.support.AbstractApplicationContext.doClose Closing Root WebApplicationContext: startup date [Wed Feb 05 23:16:14 COT 2020]; root of context hierarchy
05-Feb-2020 23:16:17.030 INFORMACIÓN [http-nio-8080-exec-2] org.apache.catalina.startup.HostConfig.undeploy Repliegue (undeploy) de la aplicación web que tiene como trayectoria de contexto [/WebApplication]
05-Feb-2020 23:16:50.348 INFORMACIÓN [http-nio-8080-exec-3] org.apache.catalina.startup.HostConfig.deployDescriptor Desplieque del descriptor de configuración [/Users/leonardosanchez/Documents/lib/apache-tomcat-9.0.30/conf/Catalina/localhost/WebApplication.xml]
05-Feb-2020 23:16:50.350 ADVERTENCIA [http-nio-8080-exec-3] org.apache.catalina.startup.HostConfig.deployDescriptor The path attribute with value [/WebApplication] in deployment descriptor [/Users/leonardosanchez/Documents/lib/apache-tomcat-9.0.30/conf/Catalina/localhost/WebApplication.xml] has been ignored
05-Feb-2020 23:16:54.988 INFORMACIÓN [http-nio-8080-exec-3] org.apache.jasper.servlet.TldScanner.scanJars Al menos un JAR, que se ha explorado buscando TLDs, aún no contenía TLDs. Activar historial de depuración para este historiador para una completa lista de los JARs que fueron explorados y de los que nos se halló TLDs. Saltarse JARs no necesarios durante la exploración puede dar lugar a una mejora de tiempo significativa en el arranque y compilación de JSP .
05-Feb-2020 23:16:55.065 INFORMACIÓN [http-nio-8080-exec-3] org.springframework.web.context.ContextLoader.initWebApplicationContext Root WebApplicationContext: initialization started
05-Feb-2020 23:16:55.486 INFORMACIÓN [http-nio-8080-exec-3] org.springframework.context.support.AbstractApplicationContext.prepareRefresh Refreshing Root WebApplicationContext: startup date [Wed Feb 05 23:16:55 COT 2020]; root of context hierarchy
05-Feb-2020 23:16:55.691 INFORMACIÓN [http-nio-8080-exec-3] org.springframework.beans.factory.xml.XmlBeanDefinitionReader.loadBeanDefinitions Loading XML bean definitions from ServletContext resource [/WEB-INF/applicationContext.xml]
05-Feb-2020 23:16:55.857 INFORMACIÓN [http-nio-8080-exec-3] org.springframework.web.context.ContextLoader.initWebApplicationContext Root WebApplicationContext: initialization completed in 792 ms
05-Feb-2020 23:16:55.978 INFORMACIÓN [http-nio-8080-exec-3] com.sun.faces.config.ConfigureListener.contextInitialized Inicializando Mojarra 2.2.7 ( 20140610-1547 https://svn.java.net/svn/mojarra~svn/tags/2.2.7@13362) para el contexto '/WebApplication'
05-Feb-2020 23:16:56.176 INFORMACIÓN [http-nio-8080-exec-3] com.sun.faces.spi.InjectionProviderFactory.createInstance JSF1048: hay presentes anotaciones PostConstruct/PreDestroy.  Los métodos de beans administrados marcados con estas anotaciones procesarán dichas anotaciones.
05-Feb-2020 23:16:57.302 INFORMACIÓN [http-nio-8080-exec-3] com.sun.faces.config.ConfigureListener$WebConfigResourceMonitor$Monitor.<init> Monitoring file:/Users/leonardosanchez/NetBeansProjects/WebApplication/build/web/WEB-INF/faces-config.xml for modifications
05-Feb-2020 23:16:57.400 INFORMACIÓN [http-nio-8080-exec-3] org.springframework.web.servlet.FrameworkServlet.initServletBean FrameworkServlet 'dispatcher': initialization started
05-Feb-2020 23:16:57.410 INFORMACIÓN [http-nio-8080-exec-3] org.springframework.context.support.AbstractApplicationContext.prepareRefresh Refreshing WebApplicationContext for namespace 'dispatcher-servlet': startup date [Wed Feb 05 23:16:57 COT 2020]; parent: Root WebApplicationContext
05-Feb-2020 23:16:57.412 INFORMACIÓN [http-nio-8080-exec-3] org.springframework.beans.factory.xml.XmlBeanDefinitionReader.loadBeanDefinitions Loading XML bean definitions from ServletContext resource [/WEB-INF/dispatcher-servlet.xml]
05-Feb-2020 23:16:57.618 INFORMACIÓN [http-nio-8080-exec-3] org.springframework.web.servlet.handler.AbstractUrlHandlerMapping.registerHandler Mapped URL path [/index.htm] onto handler 'indexController'
05-Feb-2020 23:16:57.721 INFORMACIÓN [http-nio-8080-exec-3] org.springframework.web.servlet.FrameworkServlet.initServletBean FrameworkServlet 'dispatcher': initialization completed in 321 ms
05-Feb-2020 23:16:57.724 INFORMACIÓN [http-nio-8080-exec-3] org.apache.catalina.startup.HostConfig.deployDescriptor Deployment of deployment descriptor [/Users/leonardosanchez/Documents/lib/apache-tomcat-9.0.30/conf/Catalina/localhost/WebApplication.xml] has finished in [7.375] ms
05-Feb-2020 23:16:57.744 INFORMACIÓN [http-nio-8080-exec-12] org.apache.catalina.util.LifecycleBase.start The start() method was called on component [StandardEngine[Catalina].StandardHost[localhost].StandardContext[/WebApplication]] after start() had already been called. The second call will be ignored.
05-Feb-2020 23:18:03.575 INFORMACIÓN [http-nio-8080-exec-17] org.springframework.context.support.AbstractApplicationContext.doClose Closing WebApplicationContext for namespace 'dispatcher-servlet': startup date [Wed Feb 05 23:16:57 COT 2020]; parent: Root WebApplicationContext
05-Feb-2020 23:18:03.621 INFORMACIÓN [http-nio-8080-exec-17] org.springframework.context.support.AbstractApplicationContext.doClose Closing Root WebApplicationContext: startup date [Wed Feb 05 23:16:55 COT 2020]; root of context hierarchy
05-Feb-2020 23:18:03.633 ADVERTENCIA [http-nio-8080-exec-17] org.apache.catalina.loader.WebappClassLoaderBase.clearReferencesJdbc La aplicación web [WebApplication] registró el conductor JDBC [oracle.jdbc.OracleDriver] pero falló al anular el registro mientras la aplicación web estaba parada. Para prevenir un fallo de memoria, se ha anulado el registro del conductor JDBC por la fuerza.
05-Feb-2020 23:18:04.152 INFORMACIÓN [http-nio-8080-exec-17] org.apache.catalina.startup.HostConfig.undeploy Repliegue (undeploy) de la aplicación web que tiene como trayectoria de contexto [/WebApplication]
05-Feb-2020 23:22:06.005 INFORMACIÓN [main] org.apache.catalina.core.StandardServer.await Se ha recibido un comando de apagado a través del puerto de apagado. Parando la instancia del Servidor.
05-Feb-2020 23:22:06.007 INFORMACIÓN [main] org.apache.coyote.AbstractProtocol.pause Pausing ProtocolHandler ["http-nio-8080"]
05-Feb-2020 23:22:06.011 INFORMACIÓN [main] org.apache.coyote.AbstractProtocol.pause Pausing ProtocolHandler ["ajp-nio-8009"]
05-Feb-2020 23:22:06.018 INFORMACIÓN [main] org.apache.catalina.core.StandardService.stopInternal Parando servicio [Catalina]
05-Feb-2020 23:22:06.042 INFORMACIÓN [main] org.apache.coyote.AbstractProtocol.stop Stopping ProtocolHandler ["http-nio-8080"]
05-Feb-2020 23:22:06.048 INFORMACIÓN [main] org.apache.coyote.AbstractProtocol.stop Stopping ProtocolHandler ["ajp-nio-8009"]
05-Feb-2020 23:22:06.052 INFORMACIÓN [main] org.apache.coyote.AbstractProtocol.destroy Destroying ProtocolHandler ["http-nio-8080"]
05-Feb-2020 23:22:06.054 INFORMACIÓN [main] org.apache.coyote.AbstractProtocol.destroy Destroying ProtocolHandler ["ajp-nio-8009"]
05-Feb-2020 23:23:17.284 INFORMACIÓN [main] org.apache.catalina.startup.VersionLoggerListener.log Nombre de la versión del servidor:   Apache Tomcat/9.0.30

05-Feb-2020 23:23:17.292 INFORMACIÓN [main] org.apache.catalina.startup.VersionLoggerListener.log Server built:          Dec 7 2019 16:42:04 UTC
05-Feb-2020 23:23:17.293 INFORMACIÓN [main] org.apache.catalina.startup.VersionLoggerListener.log Número de versión de servidor:         9.0.30.0
05-Feb-2020 23:23:17.293 INFORMACIÓN [main] org.apache.catalina.startup.VersionLoggerListener.log OS Name:               Mac OS X
05-Feb-2020 23:23:17.293 INFORMACIÓN [main] org.apache.catalina.startup.VersionLoggerListener.log Versión de Systema Operativo:      10.13.6

05-Feb-2020 23:23:17.293 INFORMACIÓN [main] org.apache.catalina.startup.VersionLoggerListener.log Arquitectura:          x86_64

05-Feb-2020 23:23:17.293 INFORMACIÓN [main] org.apache.catalina.startup.VersionLoggerListener.log Java Home:             /Library/Java/JavaVirtualMachines/jdk1.8.0_211.jdk/Contents/Home/jre
05-Feb-2020 23:23:17.294 INFORMACIÓN [main] org.apache.catalina.startup.VersionLoggerListener.log JVM Version:           1.8.0_211-b12
05-Feb-2020 23:23:17.294 INFORMACIÓN [main] org.apache.catalina.startup.VersionLoggerListener.log Vededor JVM:     Oracle Corporation
05-Feb-2020 23:23:17.294 INFORMACIÓN [main] org.apache.catalina.startup.VersionLoggerListener.log CATALINA_BASE:         /Users/leonardosanchez/Documents/lib/apache-tomcat-9.0.30
05-Feb-2020 23:23:17.294 INFORMACIÓN [main] org.apache.catalina.startup.VersionLoggerListener.log CATALINA_HOME:         /Users/leonardosanchez/Documents/lib/apache-tomcat-9.0.30
05-Feb-2020 23:23:17.329 INFORMACIÓN [main] org.apache.catalina.startup.VersionLoggerListener.log Command line argument: -Djava.util.logging.config.file=/Users/leonardosanchez/Documents/lib/apache-tomcat-9.0.30/conf/logging.properties
05-Feb-2020 23:23:17.350 INFORMACIÓN [main] org.apache.catalina.startup.VersionLoggerListener.log Command line argument: -Djava.util.logging.manager=org.apache.juli.ClassLoaderLogManager
05-Feb-2020 23:23:17.350 INFORMACIÓN [main] org.apache.catalina.startup.VersionLoggerListener.log Command line argument: -Djdk.tls.ephemeralDHKeySize=2048
05-Feb-2020 23:23:17.350 INFORMACIÓN [main] org.apache.catalina.startup.VersionLoggerListener.log Command line argument: -Djava.protocol.handler.pkgs=org.apache.catalina.webresources
05-Feb-2020 23:23:17.351 INFORMACIÓN [main] org.apache.catalina.startup.VersionLoggerListener.log Command line argument: -Dorg.apache.catalina.security.SecurityListener.UMASK=0027
05-Feb-2020 23:23:17.351 INFORMACIÓN [main] org.apache.catalina.startup.VersionLoggerListener.log Command line argument: -Dignore.endorsed.dirs=
05-Feb-2020 23:23:17.351 INFORMACIÓN [main] org.apache.catalina.startup.VersionLoggerListener.log Command line argument: -Dcatalina.base=/Users/leonardosanchez/Documents/lib/apache-tomcat-9.0.30
05-Feb-2020 23:23:17.351 INFORMACIÓN [main] org.apache.catalina.startup.VersionLoggerListener.log Command line argument: -Dcatalina.home=/Users/leonardosanchez/Documents/lib/apache-tomcat-9.0.30
05-Feb-2020 23:23:17.351 INFORMACIÓN [main] org.apache.catalina.startup.VersionLoggerListener.log Command line argument: -Djava.io.tmpdir=/Users/leonardosanchez/Documents/lib/apache-tomcat-9.0.30/temp
05-Feb-2020 23:23:17.352 INFORMACIÓN [main] org.apache.catalina.core.AprLifecycleListener.lifecycleEvent La biblioteca nativa de Apache Tomcat basada en ARP que permite un rendimiento óptimo en entornos de desarrollo no ha sido hallada en java.library.path: [/Users/leonardosanchez/Library/Java/Extensions:/Library/Java/Extensions:/Network/Library/Java/Extensions:/System/Library/Java/Extensions:/usr/lib/java:.]
05-Feb-2020 23:23:19.048 INFORMACIÓN [main] org.apache.coyote.AbstractProtocol.init Inicializando el manejador de protocolo ["http-nio-8080"]

05-Feb-2020 23:23:19.273 INFORMACIÓN [main] org.apache.coyote.AbstractProtocol.init Inicializando el manejador de protocolo ["ajp-nio-8009"]

05-Feb-2020 23:23:19.327 INFORMACIÓN [main] org.apache.catalina.startup.Catalina.load Server initialization in [2.912] milliseconds
05-Feb-2020 23:23:19.464 INFORMACIÓN [main] org.apache.catalina.core.StandardService.startInternal Arrancando servicio [Catalina]
05-Feb-2020 23:23:19.467 INFORMACIÓN [main] org.apache.catalina.core.StandardEngine.startInternal Starting Servlet engine: [Apache Tomcat/9.0.30]
05-Feb-2020 23:23:19.543 INFORMACIÓN [main] org.apache.catalina.startup.HostConfig.deployDirectory Desplegando el directorio [/Users/leonardosanchez/Documents/lib/apache-tomcat-9.0.30/webapps/docs] de la aplicación web
05-Feb-2020 23:23:21.059 INFORMACIÓN [main] org.apache.catalina.startup.HostConfig.deployDirectory Deployment of web application directory [/Users/leonardosanchez/Documents/lib/apache-tomcat-9.0.30/webapps/docs] has finished in [1.514] ms
05-Feb-2020 23:23:21.060 INFORMACIÓN [main] org.apache.catalina.startup.HostConfig.deployDirectory Desplegando el directorio [/Users/leonardosanchez/Documents/lib/apache-tomcat-9.0.30/webapps/manager] de la aplicación web
05-Feb-2020 23:23:21.342 INFORMACIÓN [main] org.apache.catalina.startup.HostConfig.deployDirectory Deployment of web application directory [/Users/leonardosanchez/Documents/lib/apache-tomcat-9.0.30/webapps/manager] has finished in [282] ms
05-Feb-2020 23:23:21.343 INFORMACIÓN [main] org.apache.catalina.startup.HostConfig.deployDirectory Desplegando el directorio [/Users/leonardosanchez/Documents/lib/apache-tomcat-9.0.30/webapps/examples] de la aplicación web
05-Feb-2020 23:23:22.813 INFORMACIÓN [main] org.apache.catalina.startup.HostConfig.deployDirectory Deployment of web application directory [/Users/leonardosanchez/Documents/lib/apache-tomcat-9.0.30/webapps/examples] has finished in [1.469] ms
05-Feb-2020 23:23:22.813 INFORMACIÓN [main] org.apache.catalina.startup.HostConfig.deployDirectory Desplegando el directorio [/Users/leonardosanchez/Documents/lib/apache-tomcat-9.0.30/webapps/ROOT] de la aplicación web
05-Feb-2020 23:23:22.920 INFORMACIÓN [main] org.apache.catalina.startup.HostConfig.deployDirectory Deployment of web application directory [/Users/leonardosanchez/Documents/lib/apache-tomcat-9.0.30/webapps/ROOT] has finished in [107] ms
05-Feb-2020 23:23:22.922 INFORMACIÓN [main] org.apache.catalina.startup.HostConfig.deployDirectory Desplegando el directorio [/Users/leonardosanchez/Documents/lib/apache-tomcat-9.0.30/webapps/host-manager] de la aplicación web
05-Feb-2020 23:23:23.024 INFORMACIÓN [main] org.apache.catalina.startup.HostConfig.deployDirectory Deployment of web application directory [/Users/leonardosanchez/Documents/lib/apache-tomcat-9.0.30/webapps/host-manager] has finished in [103] ms
05-Feb-2020 23:23:23.036 INFORMACIÓN [main] org.apache.coyote.AbstractProtocol.start Starting ProtocolHandler ["http-nio-8080"]
05-Feb-2020 23:23:23.077 INFORMACIÓN [main] org.apache.coyote.AbstractProtocol.start Starting ProtocolHandler ["ajp-nio-8009"]
05-Feb-2020 23:23:23.085 INFORMACIÓN [main] org.apache.catalina.startup.Catalina.start Server startup in [3.755] milliseconds
05-Feb-2020 23:26:28.963 INFORMACIÓN [http-nio-8080-exec-8] org.apache.catalina.startup.HostConfig.deployDescriptor Desplieque del descriptor de configuración [/Users/leonardosanchez/Documents/lib/apache-tomcat-9.0.30/conf/Catalina/localhost/WebApp.xml]
05-Feb-2020 23:26:28.967 ADVERTENCIA [http-nio-8080-exec-8] org.apache.catalina.startup.HostConfig.deployDescriptor The path attribute with value [/WebApp] in deployment descriptor [/Users/leonardosanchez/Documents/lib/apache-tomcat-9.0.30/conf/Catalina/localhost/WebApp.xml] has been ignored
05-Feb-2020 23:26:35.922 INFORMACIÓN [http-nio-8080-exec-8] org.apache.jasper.servlet.TldScanner.scanJars Al menos un JAR, que se ha explorado buscando TLDs, aún no contenía TLDs. Activar historial de depuración para este historiador para una completa lista de los JARs que fueron explorados y de los que nos se halló TLDs. Saltarse JARs no necesarios durante la exploración puede dar lugar a una mejora de tiempo significativa en el arranque y compilación de JSP .
05-Feb-2020 23:26:36.031 INFORMACIÓN [http-nio-8080-exec-8] org.springframework.web.context.ContextLoader.initWebApplicationContext Root WebApplicationContext: initialization started
05-Feb-2020 23:26:36.371 INFORMACIÓN [http-nio-8080-exec-8] org.springframework.context.support.AbstractApplicationContext.prepareRefresh Refreshing Root WebApplicationContext: startup date [Wed Feb 05 23:26:36 COT 2020]; root of context hierarchy
05-Feb-2020 23:26:36.490 INFORMACIÓN [http-nio-8080-exec-8] org.springframework.beans.factory.xml.XmlBeanDefinitionReader.loadBeanDefinitions Loading XML bean definitions from ServletContext resource [/WEB-INF/applicationContext.xml]
05-Feb-2020 23:26:36.799 INFORMACIÓN [http-nio-8080-exec-8] org.springframework.web.context.ContextLoader.initWebApplicationContext Root WebApplicationContext: initialization completed in 768 ms
05-Feb-2020 23:26:36.928 INFORMACIÓN [http-nio-8080-exec-8] com.sun.faces.config.ConfigureListener.contextInitialized Inicializando Mojarra 2.2.7 ( 20140610-1547 https://svn.java.net/svn/mojarra~svn/tags/2.2.7@13362) para el contexto '/WebApp'
05-Feb-2020 23:26:37.437 INFORMACIÓN [http-nio-8080-exec-8] com.sun.faces.spi.InjectionProviderFactory.createInstance JSF1048: hay presentes anotaciones PostConstruct/PreDestroy.  Los métodos de beans administrados marcados con estas anotaciones procesarán dichas anotaciones.
05-Feb-2020 23:26:38.550 INFORMACIÓN [http-nio-8080-exec-8] com.sun.faces.config.ConfigureListener$WebConfigResourceMonitor$Monitor.<init> Monitoring file:/Users/leonardosanchez/NetBeansProjects/WebApp/build/web/WEB-INF/faces-config.xml for modifications
05-Feb-2020 23:26:38.750 INFORMACIÓN [http-nio-8080-exec-8] org.springframework.web.servlet.FrameworkServlet.initServletBean FrameworkServlet 'dispatcher': initialization started
05-Feb-2020 23:26:38.762 INFORMACIÓN [http-nio-8080-exec-8] org.springframework.context.support.AbstractApplicationContext.prepareRefresh Refreshing WebApplicationContext for namespace 'dispatcher-servlet': startup date [Wed Feb 05 23:26:38 COT 2020]; parent: Root WebApplicationContext
05-Feb-2020 23:26:38.767 INFORMACIÓN [http-nio-8080-exec-8] org.springframework.beans.factory.xml.XmlBeanDefinitionReader.loadBeanDefinitions Loading XML bean definitions from ServletContext resource [/WEB-INF/dispatcher-servlet.xml]
05-Feb-2020 23:26:39.084 INFORMACIÓN [http-nio-8080-exec-8] org.springframework.web.servlet.handler.AbstractUrlHandlerMapping.registerHandler Mapped URL path [/index.htm] onto handler 'indexController'
05-Feb-2020 23:26:39.619 INFORMACIÓN [http-nio-8080-exec-8] org.springframework.web.servlet.FrameworkServlet.initServletBean FrameworkServlet 'dispatcher': initialization completed in 868 ms
05-Feb-2020 23:26:39.630 INFORMACIÓN [http-nio-8080-exec-8] org.apache.catalina.startup.HostConfig.deployDescriptor Deployment of deployment descriptor [/Users/leonardosanchez/Documents/lib/apache-tomcat-9.0.30/conf/Catalina/localhost/WebApp.xml] has finished in [10.666] ms
05-Feb-2020 23:26:39.657 INFORMACIÓN [http-nio-8080-exec-9] org.apache.catalina.util.LifecycleBase.start The start() method was called on component [StandardEngine[Catalina].StandardHost[localhost].StandardContext[/WebApp]] after start() had already been called. The second call will be ignored.
05-Feb-2020 23:28:07.987 INFORMACIÓN [http-nio-8080-exec-2] org.apache.catalina.core.StandardContext.reload Ha comenzado la recarga de Contexto [/WebApp]
05-Feb-2020 23:28:08.002 INFORMACIÓN [http-nio-8080-exec-2] org.springframework.context.support.AbstractApplicationContext.doClose Closing WebApplicationContext for namespace 'dispatcher-servlet': startup date [Wed Feb 05 23:26:38 COT 2020]; parent: Root WebApplicationContext
05-Feb-2020 23:28:08.269 INFORMACIÓN [http-nio-8080-exec-2] org.springframework.context.support.AbstractApplicationContext.doClose Closing Root WebApplicationContext: startup date [Wed Feb 05 23:26:36 COT 2020]; root of context hierarchy
05-Feb-2020 23:28:08.352 ADVERTENCIA [http-nio-8080-exec-2] org.apache.catalina.loader.WebappClassLoaderBase.clearReferencesJdbc La aplicación web [WebApp] registró el conductor JDBC [oracle.jdbc.OracleDriver] pero falló al anular el registro mientras la aplicación web estaba parada. Para prevenir un fallo de memoria, se ha anulado el registro del conductor JDBC por la fuerza.
05-Feb-2020 23:28:14.932 INFORMACIÓN [http-nio-8080-exec-2] org.apache.jasper.servlet.TldScanner.scanJars Al menos un JAR, que se ha explorado buscando TLDs, aún no contenía TLDs. Activar historial de depuración para este historiador para una completa lista de los JARs que fueron explorados y de los que nos se halló TLDs. Saltarse JARs no necesarios durante la exploración puede dar lugar a una mejora de tiempo significativa en el arranque y compilación de JSP .
05-Feb-2020 23:28:15.030 INFORMACIÓN [http-nio-8080-exec-2] org.springframework.web.context.ContextLoader.initWebApplicationContext Root WebApplicationContext: initialization started
05-Feb-2020 23:28:15.394 INFORMACIÓN [http-nio-8080-exec-2] org.springframework.context.support.AbstractApplicationContext.prepareRefresh Refreshing Root WebApplicationContext: startup date [Wed Feb 05 23:28:15 COT 2020]; root of context hierarchy
05-Feb-2020 23:28:15.536 INFORMACIÓN [http-nio-8080-exec-2] org.springframework.beans.factory.xml.XmlBeanDefinitionReader.loadBeanDefinitions Loading XML bean definitions from ServletContext resource [/WEB-INF/applicationContext.xml]
05-Feb-2020 23:28:15.692 INFORMACIÓN [http-nio-8080-exec-2] org.springframework.web.context.ContextLoader.initWebApplicationContext Root WebApplicationContext: initialization completed in 662 ms
05-Feb-2020 23:28:15.785 INFORMACIÓN [http-nio-8080-exec-2] com.sun.faces.config.ConfigureListener.contextInitialized Inicializando Mojarra 2.2.7 ( 20140610-1547 https://svn.java.net/svn/mojarra~svn/tags/2.2.7@13362) para el contexto '/WebApp'
05-Feb-2020 23:28:16.145 INFORMACIÓN [http-nio-8080-exec-2] com.sun.faces.spi.InjectionProviderFactory.createInstance JSF1048: hay presentes anotaciones PostConstruct/PreDestroy.  Los métodos de beans administrados marcados con estas anotaciones procesarán dichas anotaciones.
05-Feb-2020 23:28:17.432 INFORMACIÓN [http-nio-8080-exec-2] com.sun.faces.config.ConfigureListener$WebConfigResourceMonitor$Monitor.<init> Monitoring file:/Users/leonardosanchez/NetBeansProjects/WebApp/build/web/WEB-INF/faces-config.xml for modifications
05-Feb-2020 23:28:17.563 INFORMACIÓN [http-nio-8080-exec-2] org.springframework.web.servlet.FrameworkServlet.initServletBean FrameworkServlet 'dispatcher': initialization started
05-Feb-2020 23:28:17.571 INFORMACIÓN [http-nio-8080-exec-2] org.springframework.context.support.AbstractApplicationContext.prepareRefresh Refreshing WebApplicationContext for namespace 'dispatcher-servlet': startup date [Wed Feb 05 23:28:17 COT 2020]; parent: Root WebApplicationContext
05-Feb-2020 23:28:17.574 INFORMACIÓN [http-nio-8080-exec-2] org.springframework.beans.factory.xml.XmlBeanDefinitionReader.loadBeanDefinitions Loading XML bean definitions from ServletContext resource [/WEB-INF/dispatcher-servlet.xml]
05-Feb-2020 23:28:17.832 INFORMACIÓN [http-nio-8080-exec-2] org.springframework.web.servlet.handler.AbstractUrlHandlerMapping.registerHandler Mapped URL path [/index.htm] onto handler 'indexController'
05-Feb-2020 23:28:17.953 INFORMACIÓN [http-nio-8080-exec-2] org.springframework.web.servlet.FrameworkServlet.initServletBean FrameworkServlet 'dispatcher': initialization completed in 390 ms
05-Feb-2020 23:28:17.958 INFORMACIÓN [http-nio-8080-exec-2] org.apache.catalina.core.StandardContext.reload Se ha completado la recarga de este Contexto
05-Feb-2020 23:28:30.561 INFORMACIÓN [http-nio-8080-exec-4] org.apache.catalina.core.StandardContext.reload Ha comenzado la recarga de Contexto [/WebApp]
05-Feb-2020 23:28:30.568 INFORMACIÓN [http-nio-8080-exec-4] org.springframework.context.support.AbstractApplicationContext.doClose Closing WebApplicationContext for namespace 'dispatcher-servlet': startup date [Wed Feb 05 23:28:17 COT 2020]; parent: Root WebApplicationContext
05-Feb-2020 23:28:30.584 INFORMACIÓN [http-nio-8080-exec-4] org.springframework.context.support.AbstractApplicationContext.doClose Closing Root WebApplicationContext: startup date [Wed Feb 05 23:28:15 COT 2020]; root of context hierarchy
05-Feb-2020 23:28:35.298 INFORMACIÓN [http-nio-8080-exec-4] org.apache.jasper.servlet.TldScanner.scanJars Al menos un JAR, que se ha explorado buscando TLDs, aún no contenía TLDs. Activar historial de depuración para este historiador para una completa lista de los JARs que fueron explorados y de los que nos se halló TLDs. Saltarse JARs no necesarios durante la exploración puede dar lugar a una mejora de tiempo significativa en el arranque y compilación de JSP .
05-Feb-2020 23:28:35.382 INFORMACIÓN [http-nio-8080-exec-4] org.springframework.web.context.ContextLoader.initWebApplicationContext Root WebApplicationContext: initialization started
05-Feb-2020 23:28:35.559 INFORMACIÓN [http-nio-8080-exec-4] org.springframework.context.support.AbstractApplicationContext.prepareRefresh Refreshing Root WebApplicationContext: startup date [Wed Feb 05 23:28:35 COT 2020]; root of context hierarchy
05-Feb-2020 23:28:35.677 INFORMACIÓN [http-nio-8080-exec-4] org.springframework.beans.factory.xml.XmlBeanDefinitionReader.loadBeanDefinitions Loading XML bean definitions from ServletContext resource [/WEB-INF/applicationContext.xml]
05-Feb-2020 23:28:35.778 INFORMACIÓN [http-nio-8080-exec-4] org.springframework.web.context.ContextLoader.initWebApplicationContext Root WebApplicationContext: initialization completed in 396 ms
05-Feb-2020 23:28:35.860 INFORMACIÓN [http-nio-8080-exec-4] com.sun.faces.config.ConfigureListener.contextInitialized Inicializando Mojarra 2.2.7 ( 20140610-1547 https://svn.java.net/svn/mojarra~svn/tags/2.2.7@13362) para el contexto '/WebApp'
05-Feb-2020 23:28:36.030 INFORMACIÓN [http-nio-8080-exec-4] com.sun.faces.spi.InjectionProviderFactory.createInstance JSF1048: hay presentes anotaciones PostConstruct/PreDestroy.  Los métodos de beans administrados marcados con estas anotaciones procesarán dichas anotaciones.
05-Feb-2020 23:28:37.414 INFORMACIÓN [http-nio-8080-exec-4] com.sun.faces.config.ConfigureListener$WebConfigResourceMonitor$Monitor.<init> Monitoring file:/Users/leonardosanchez/NetBeansProjects/WebApp/build/web/WEB-INF/faces-config.xml for modifications
05-Feb-2020 23:28:37.665 INFORMACIÓN [http-nio-8080-exec-4] org.springframework.web.servlet.FrameworkServlet.initServletBean FrameworkServlet 'dispatcher': initialization started
05-Feb-2020 23:28:37.674 INFORMACIÓN [http-nio-8080-exec-4] org.springframework.context.support.AbstractApplicationContext.prepareRefresh Refreshing WebApplicationContext for namespace 'dispatcher-servlet': startup date [Wed Feb 05 23:28:37 COT 2020]; parent: Root WebApplicationContext
05-Feb-2020 23:28:37.689 INFORMACIÓN [http-nio-8080-exec-4] org.springframework.beans.factory.xml.XmlBeanDefinitionReader.loadBeanDefinitions Loading XML bean definitions from ServletContext resource [/WEB-INF/dispatcher-servlet.xml]
05-Feb-2020 23:28:37.975 INFORMACIÓN [http-nio-8080-exec-4] org.springframework.web.servlet.handler.AbstractUrlHandlerMapping.registerHandler Mapped URL path [/index.htm] onto handler 'indexController'
05-Feb-2020 23:28:38.157 INFORMACIÓN [http-nio-8080-exec-4] org.springframework.web.servlet.FrameworkServlet.initServletBean FrameworkServlet 'dispatcher': initialization completed in 491 ms
05-Feb-2020 23:28:38.159 INFORMACIÓN [http-nio-8080-exec-4] org.apache.catalina.core.StandardContext.reload Se ha completado la recarga de este Contexto
05-Feb-2020 23:28:38.231 INFORMACIÓN [http-nio-8080-exec-7] org.apache.catalina.core.StandardContext.reload Ha comenzado la recarga de Contexto [/WebApp]
05-Feb-2020 23:28:38.243 INFORMACIÓN [http-nio-8080-exec-7] org.springframework.context.support.AbstractApplicationContext.doClose Closing WebApplicationContext for namespace 'dispatcher-servlet': startup date [Wed Feb 05 23:28:37 COT 2020]; parent: Root WebApplicationContext
05-Feb-2020 23:28:38.256 INFORMACIÓN [http-nio-8080-exec-7] org.springframework.context.support.AbstractApplicationContext.doClose Closing Root WebApplicationContext: startup date [Wed Feb 05 23:28:35 COT 2020]; root of context hierarchy
05-Feb-2020 23:28:41.622 INFORMACIÓN [http-nio-8080-exec-7] org.apache.jasper.servlet.TldScanner.scanJars Al menos un JAR, que se ha explorado buscando TLDs, aún no contenía TLDs. Activar historial de depuración para este historiador para una completa lista de los JARs que fueron explorados y de los que nos se halló TLDs. Saltarse JARs no necesarios durante la exploración puede dar lugar a una mejora de tiempo significativa en el arranque y compilación de JSP .
05-Feb-2020 23:28:41.679 INFORMACIÓN [http-nio-8080-exec-7] org.springframework.web.context.ContextLoader.initWebApplicationContext Root WebApplicationContext: initialization started
05-Feb-2020 23:28:41.832 INFORMACIÓN [http-nio-8080-exec-7] org.springframework.context.support.AbstractApplicationContext.prepareRefresh Refreshing Root WebApplicationContext: startup date [Wed Feb 05 23:28:41 COT 2020]; root of context hierarchy
05-Feb-2020 23:28:41.909 INFORMACIÓN [http-nio-8080-exec-7] org.springframework.beans.factory.xml.XmlBeanDefinitionReader.loadBeanDefinitions Loading XML bean definitions from ServletContext resource [/WEB-INF/applicationContext.xml]
05-Feb-2020 23:28:42.009 INFORMACIÓN [http-nio-8080-exec-7] org.springframework.web.context.ContextLoader.initWebApplicationContext Root WebApplicationContext: initialization completed in 330 ms
05-Feb-2020 23:28:42.107 INFORMACIÓN [http-nio-8080-exec-7] com.sun.faces.config.ConfigureListener.contextInitialized Inicializando Mojarra 2.2.7 ( 20140610-1547 https://svn.java.net/svn/mojarra~svn/tags/2.2.7@13362) para el contexto '/WebApp'
05-Feb-2020 23:28:42.310 INFORMACIÓN [http-nio-8080-exec-7] com.sun.faces.spi.InjectionProviderFactory.createInstance JSF1048: hay presentes anotaciones PostConstruct/PreDestroy.  Los métodos de beans administrados marcados con estas anotaciones procesarán dichas anotaciones.
05-Feb-2020 23:28:42.959 INFORMACIÓN [http-nio-8080-exec-7] com.sun.faces.config.ConfigureListener$WebConfigResourceMonitor$Monitor.<init> Monitoring file:/Users/leonardosanchez/NetBeansProjects/WebApp/build/web/WEB-INF/faces-config.xml for modifications
05-Feb-2020 23:28:43.125 INFORMACIÓN [http-nio-8080-exec-7] org.springframework.web.servlet.FrameworkServlet.initServletBean FrameworkServlet 'dispatcher': initialization started
05-Feb-2020 23:28:43.133 INFORMACIÓN [http-nio-8080-exec-7] org.springframework.context.support.AbstractApplicationContext.prepareRefresh Refreshing WebApplicationContext for namespace 'dispatcher-servlet': startup date [Wed Feb 05 23:28:43 COT 2020]; parent: Root WebApplicationContext
05-Feb-2020 23:28:43.136 INFORMACIÓN [http-nio-8080-exec-7] org.springframework.beans.factory.xml.XmlBeanDefinitionReader.loadBeanDefinitions Loading XML bean definitions from ServletContext resource [/WEB-INF/dispatcher-servlet.xml]
05-Feb-2020 23:28:43.330 INFORMACIÓN [http-nio-8080-exec-7] org.springframework.web.servlet.handler.AbstractUrlHandlerMapping.registerHandler Mapped URL path [/index.htm] onto handler 'indexController'
05-Feb-2020 23:28:43.458 INFORMACIÓN [http-nio-8080-exec-7] org.springframework.web.servlet.FrameworkServlet.initServletBean FrameworkServlet 'dispatcher': initialization completed in 333 ms
05-Feb-2020 23:28:43.460 INFORMACIÓN [http-nio-8080-exec-7] org.apache.catalina.core.StandardContext.reload Se ha completado la recarga de este Contexto
05-Feb-2020 23:28:51.285 INFORMACIÓN [http-nio-8080-exec-8] org.springframework.context.support.AbstractApplicationContext.doClose Closing WebApplicationContext for namespace 'dispatcher-servlet': startup date [Wed Feb 05 23:28:43 COT 2020]; parent: Root WebApplicationContext
05-Feb-2020 23:28:51.298 INFORMACIÓN [http-nio-8080-exec-8] org.springframework.context.support.AbstractApplicationContext.doClose Closing Root WebApplicationContext: startup date [Wed Feb 05 23:28:41 COT 2020]; root of context hierarchy
05-Feb-2020 23:28:51.810 INFORMACIÓN [http-nio-8080-exec-8] org.apache.catalina.startup.HostConfig.undeploy Repliegue (undeploy) de la aplicación web que tiene como trayectoria de contexto [/WebApp]
